100
1-th exp in number of challenged block 100
Running...
Tag generation costs 118.375397 seconds
Proof generation costs 0.555377 seconds
proof verifies in Replica 0
proof verifies in Replica 1
proof verifies in Replica 2
proof verifies in Replica 3
proof verifies in Replica 4
Proof verification costs 2.366398 seconds
2-th exp in number of challenged block 100
Running...
Tag generation costs 118.233680 seconds
Proof generation costs 0.555286 seconds
proof verifies in Replica 0
proof verifies in Replica 1
proof verifies in Replica 2
proof verifies in Replica 3
proof verifies in Replica 4
Proof verification costs 2.358009 seconds
3-th exp in number of challenged block 100
Running...
Tag generation costs 118.224516 seconds
Proof generation costs 0.554884 seconds
proof verifies in Replica 0
proof verifies in Replica 1
proof verifies in Replica 2
proof verifies in Replica 3
proof verifies in Replica 4
Proof verification costs 2.364363 seconds
4-th exp in number of challenged block 100
Running...
Tag generation costs 116.471461 seconds
Proof generation costs 0.556174 seconds
proof verifies in Replica 0
proof verifies in Replica 1
proof verifies in Replica 2
proof verifies in Replica 3
proof verifies in Replica 4
Proof verification costs 2.359503 seconds
5-th exp in number of challenged block 100
Running...
Tag generation costs 117.867966 seconds
Proof generation costs 0.558599 seconds
proof verifies in Replica 0
proof verifies in Replica 1
proof verifies in Replica 2
proof verifies in Replica 3
proof verifies in Replica 4
Proof verification costs 2.366934 seconds
6-th exp in number of challenged block 100
Running...
Tag generation costs 118.254787 seconds
Proof generation costs 0.555296 seconds
proof verifies in Replica 0
proof verifies in Replica 1
proof verifies in Replica 2
proof verifies in Replica 3
proof verifies in Replica 4
Proof verification costs 2.357025 seconds
7-th exp in number of challenged block 100
Running...
Tag generation costs 118.119370 seconds
Proof generation costs 0.553274 seconds
proof verifies in Replica 0
proof verifies in Replica 1
proof verifies in Replica 2
proof verifies in Replica 3
proof verifies in Replica 4
Proof verification costs 2.356853 seconds
8-th exp in number of challenged block 100
Running...
Tag generation costs 117.601633 seconds
Proof generation costs 0.554479 seconds
proof verifies in Replica 0
proof verifies in Replica 1
proof verifies in Replica 2
proof verifies in Replica 3
proof verifies in Replica 4
Proof verification costs 2.360491 seconds
9-th exp in number of challenged block 100
Running...
Tag generation costs 117.680226 seconds
Proof generation costs 0.554883 seconds
proof verifies in Replica 0
proof verifies in Replica 1
proof verifies in Replica 2
proof verifies in Replica 3
proof verifies in Replica 4
Proof verification costs 2.366029 seconds
10-th exp in number of challenged block 100
Running...
Tag generation costs 117.959831 seconds
Proof generation costs 0.555578 seconds
proof verifies in Replica 0
proof verifies in Replica 1
proof verifies in Replica 2
proof verifies in Replica 3
proof verifies in Replica 4
Proof verification costs 2.359196 seconds
200
1-th exp in number of challenged block 200
Running...
Tag generation costs 118.340546 seconds
Proof generation costs 1.110363 seconds
proof verifies in Replica 0
proof verifies in Replica 1
proof verifies in Replica 2
proof verifies in Replica 3
proof verifies in Replica 4
Proof verification costs 4.727856 seconds
2-th exp in number of challenged block 200
Running...
Tag generation costs 117.776550 seconds
Proof generation costs 1.120500 seconds
proof verifies in Replica 0
proof verifies in Replica 1
proof verifies in Replica 2
proof verifies in Replica 3
proof verifies in Replica 4
Proof verification costs 4.751169 seconds
3-th exp in number of challenged block 200
Running...
Tag generation costs 117.891878 seconds
Proof generation costs 1.108044 seconds
proof verifies in Replica 0
proof verifies in Replica 1
proof verifies in Replica 2
proof verifies in Replica 3
proof verifies in Replica 4
Proof verification costs 4.702780 seconds
4-th exp in number of challenged block 200
Running...
Tag generation costs 118.421879 seconds
Proof generation costs 1.109968 seconds
proof verifies in Replica 0
proof verifies in Replica 1
proof verifies in Replica 2
proof verifies in Replica 3
proof verifies in Replica 4
Proof verification costs 4.705247 seconds
5-th exp in number of challenged block 200
Running...
Tag generation costs 118.205233 seconds
Proof generation costs 1.109898 seconds
proof verifies in Replica 0
proof verifies in Replica 1
proof verifies in Replica 2
proof verifies in Replica 3
proof verifies in Replica 4
Proof verification costs 4.739054 seconds
6-th exp in number of challenged block 200
Running...
Tag generation costs 117.696607 seconds
Proof generation costs 1.108982 seconds
proof verifies in Replica 0
proof verifies in Replica 1
proof verifies in Replica 2
proof verifies in Replica 3
proof verifies in Replica 4
Proof verification costs 4.704821 seconds
7-th exp in number of challenged block 200
Running...
Tag generation costs 118.149925 seconds
Proof generation costs 1.115610 seconds
proof verifies in Replica 0
proof verifies in Replica 1
proof verifies in Replica 2
proof verifies in Replica 3
proof verifies in Replica 4
Proof verification costs 4.719718 seconds
8-th exp in number of challenged block 200
Running...
Tag generation costs 118.163741 seconds
Proof generation costs 1.118740 seconds
proof verifies in Replica 0
proof verifies in Replica 1
proof verifies in Replica 2
proof verifies in Replica 3
proof verifies in Replica 4
Proof verification costs 4.745329 seconds
9-th exp in number of challenged block 200
Running...
Tag generation costs 118.160513 seconds
Proof generation costs 1.110700 seconds
proof verifies in Replica 0
proof verifies in Replica 1
proof verifies in Replica 2
proof verifies in Replica 3
proof verifies in Replica 4
Proof verification costs 4.706856 seconds
10-th exp in number of challenged block 200
Running...
Tag generation costs 118.508522 seconds
Proof generation costs 1.113752 seconds
proof verifies in Replica 0
proof verifies in Replica 1
proof verifies in Replica 2
proof verifies in Replica 3
proof verifies in Replica 4
Proof verification costs 4.733278 seconds
300
1-th exp in number of challenged block 300
Running...
Tag generation costs 119.161008 seconds
Proof generation costs 1.689161 seconds
proof verifies in Replica 0
proof verifies in Replica 1
proof verifies in Replica 2
proof verifies in Replica 3
proof verifies in Replica 4
Proof verification costs 7.167329 seconds
2-th exp in number of challenged block 300
Running...
Tag generation costs 117.660223 seconds
Proof generation costs 1.664255 seconds
proof verifies in Replica 0
proof verifies in Replica 1
proof verifies in Replica 2
proof verifies in Replica 3
proof verifies in Replica 4
Proof verification costs 7.049531 seconds
3-th exp in number of challenged block 300
Running...
Tag generation costs 117.939856 seconds
Proof generation costs 1.662277 seconds
proof verifies in Replica 0
proof verifies in Replica 1
proof verifies in Replica 2
proof verifies in Replica 3
proof verifies in Replica 4
Proof verification costs 7.049688 seconds
4-th exp in number of challenged block 300
Running...
Tag generation costs 117.911822 seconds
Proof generation costs 1.668912 seconds
proof verifies in Replica 0
proof verifies in Replica 1
proof verifies in Replica 2
proof verifies in Replica 3
proof verifies in Replica 4
Proof verification costs 7.063035 seconds
5-th exp in number of challenged block 300
Running...
Tag generation costs 117.771614 seconds
Proof generation costs 1.664628 seconds
proof verifies in Replica 0
proof verifies in Replica 1
proof verifies in Replica 2
proof verifies in Replica 3
proof verifies in Replica 4
Proof verification costs 7.058070 seconds
6-th exp in number of challenged block 300
Running...
Tag generation costs 118.013167 seconds
Proof generation costs 1.661949 seconds
proof verifies in Replica 0
proof verifies in Replica 1
proof verifies in Replica 2
proof verifies in Replica 3
proof verifies in Replica 4
Proof verification costs 7.047738 seconds
7-th exp in number of challenged block 300
Running...
Tag generation costs 117.919956 seconds
Proof generation costs 1.670793 seconds
proof verifies in Replica 0
proof verifies in Replica 1
proof verifies in Replica 2
proof verifies in Replica 3
proof verifies in Replica 4
Proof verification costs 7.071231 seconds
8-th exp in number of challenged block 300
Running...
Tag generation costs 118.021463 seconds
Proof generation costs 1.677614 seconds
proof verifies in Replica 0
proof verifies in Replica 1
proof verifies in Replica 2
proof verifies in Replica 3
proof verifies in Replica 4
Proof verification costs 7.115662 seconds
9-th exp in number of challenged block 300
Running...
Tag generation costs 118.555546 seconds
Proof generation costs 1.666433 seconds
proof verifies in Replica 0
proof verifies in Replica 1
proof verifies in Replica 2
proof verifies in Replica 3
proof verifies in Replica 4
Proof verification costs 7.069593 seconds
10-th exp in number of challenged block 300
Running...
Tag generation costs 118.041742 seconds
Proof generation costs 1.665573 seconds
proof verifies in Replica 0
proof verifies in Replica 1
proof verifies in Replica 2
proof verifies in Replica 3
proof verifies in Replica 4
Proof verification costs 7.056998 seconds
400
1-th exp in number of challenged block 400
Running...
Tag generation costs 119.303929 seconds
Proof generation costs 2.261036 seconds
proof verifies in Replica 0
proof verifies in Replica 1
proof verifies in Replica 2
proof verifies in Replica 3
proof verifies in Replica 4
Proof verification costs 9.560054 seconds
2-th exp in number of challenged block 400
Running...
Tag generation costs 118.632216 seconds
Proof generation costs 2.217604 seconds
proof verifies in Replica 0
proof verifies in Replica 1
proof verifies in Replica 2
proof verifies in Replica 3
proof verifies in Replica 4
Proof verification costs 9.426618 seconds
3-th exp in number of challenged block 400
Running...
Tag generation costs 117.778129 seconds
Proof generation costs 2.220307 seconds
proof verifies in Replica 0
proof verifies in Replica 1
proof verifies in Replica 2
proof verifies in Replica 3
proof verifies in Replica 4
Proof verification costs 9.406321 seconds
4-th exp in number of challenged block 400
Running...
Tag generation costs 117.760185 seconds
Proof generation costs 2.222256 seconds
proof verifies in Replica 0
proof verifies in Replica 1
proof verifies in Replica 2
proof verifies in Replica 3
proof verifies in Replica 4
Proof verification costs 9.424204 seconds
5-th exp in number of challenged block 400
Running...
Tag generation costs 118.378953 seconds
Proof generation costs 2.217286 seconds
proof verifies in Replica 0
proof verifies in Replica 1
proof verifies in Replica 2
proof verifies in Replica 3
proof verifies in Replica 4
Proof verification costs 9.403269 seconds
6-th exp in number of challenged block 400
Running...
Tag generation costs 116.820775 seconds
Proof generation costs 2.235023 seconds
proof verifies in Replica 0
proof verifies in Replica 1
proof verifies in Replica 2
proof verifies in Replica 3
proof verifies in Replica 4
Proof verification costs 9.423114 seconds
7-th exp in number of challenged block 400
Running...
Tag generation costs 118.322230 seconds
Proof generation costs 2.221462 seconds
proof verifies in Replica 0
proof verifies in Replica 1
proof verifies in Replica 2
proof verifies in Replica 3
proof verifies in Replica 4
Proof verification costs 9.404412 seconds
8-th exp in number of challenged block 400
Running...
Tag generation costs 118.081464 seconds
Proof generation costs 2.220944 seconds
proof verifies in Replica 0
proof verifies in Replica 1
proof verifies in Replica 2
proof verifies in Replica 3
proof verifies in Replica 4
Proof verification costs 9.405654 seconds
9-th exp in number of challenged block 400
Running...
Tag generation costs 118.358524 seconds
Proof generation costs 2.221985 seconds
proof verifies in Replica 0
proof verifies in Replica 1
proof verifies in Replica 2
proof verifies in Replica 3
proof verifies in Replica 4
Proof verification costs 9.406920 seconds
10-th exp in number of challenged block 400
Running...
Tag generation costs 117.854734 seconds
Proof generation costs 2.226220 seconds
proof verifies in Replica 0
proof verifies in Replica 1
proof verifies in Replica 2
proof verifies in Replica 3
proof verifies in Replica 4
Proof verification costs 9.408389 seconds
500
1-th exp in number of challenged block 500
Running...
Tag generation costs 117.733136 seconds
Proof generation costs 2.772519 seconds
proof verifies in Replica 0
proof verifies in Replica 1
proof verifies in Replica 2
proof verifies in Replica 3
proof verifies in Replica 4
Proof verification costs 11.808006 seconds
2-th exp in number of challenged block 500
Running...
Tag generation costs 117.794744 seconds
Proof generation costs 2.779315 seconds
proof verifies in Replica 0
proof verifies in Replica 1
proof verifies in Replica 2
proof verifies in Replica 3
proof verifies in Replica 4
Proof verification costs 11.756255 seconds
3-th exp in number of challenged block 500
Running...
Tag generation costs 117.175898 seconds
Proof generation costs 2.771599 seconds
proof verifies in Replica 0
proof verifies in Replica 1
proof verifies in Replica 2
proof verifies in Replica 3
proof verifies in Replica 4
Proof verification costs 11.776166 seconds
4-th exp in number of challenged block 500
Running...
Tag generation costs 118.283522 seconds
Proof generation costs 2.772119 seconds
proof verifies in Replica 0
proof verifies in Replica 1
proof verifies in Replica 2
proof verifies in Replica 3
proof verifies in Replica 4
Proof verification costs 11.750343 seconds
5-th exp in number of challenged block 500
Running...
Tag generation costs 118.030966 seconds
Proof generation costs 2.785127 seconds
proof verifies in Replica 0
proof verifies in Replica 1
proof verifies in Replica 2
proof verifies in Replica 3
proof verifies in Replica 4
Proof verification costs 11.788456 seconds
6-th exp in number of challenged block 500
Running...
Tag generation costs 117.746761 seconds
Proof generation costs 2.774968 seconds
proof verifies in Replica 0
proof verifies in Replica 1
proof verifies in Replica 2
proof verifies in Replica 3
proof verifies in Replica 4
Proof verification costs 11.759337 seconds
7-th exp in number of challenged block 500
Running...
Tag generation costs 117.561775 seconds
Proof generation costs 2.769893 seconds
proof verifies in Replica 0
proof verifies in Replica 1
proof verifies in Replica 2
proof verifies in Replica 3
proof verifies in Replica 4
Proof verification costs 11.740307 seconds
8-th exp in number of challenged block 500
Running...
Tag generation costs 118.287723 seconds
Proof generation costs 2.791271 seconds
proof verifies in Replica 0
proof verifies in Replica 1
proof verifies in Replica 2
proof verifies in Replica 3
proof verifies in Replica 4
Proof verification costs 11.795707 seconds
9-th exp in number of challenged block 500
Running...
Tag generation costs 117.729558 seconds
Proof generation costs 2.789496 seconds
proof verifies in Replica 0
proof verifies in Replica 1
proof verifies in Replica 2
proof verifies in Replica 3
proof verifies in Replica 4
Proof verification costs 11.851028 seconds
10-th exp in number of challenged block 500
Running...
Tag generation costs 116.837706 seconds
Proof generation costs 2.776490 seconds
proof verifies in Replica 0
proof verifies in Replica 1
proof verifies in Replica 2
proof verifies in Replica 3
proof verifies in Replica 4
Proof verification costs 11.776387 seconds
600
1-th exp in number of challenged block 600
Running...
Tag generation costs 118.722147 seconds
Proof generation costs 3.375059 seconds
proof verifies in Replica 0
proof verifies in Replica 1
proof verifies in Replica 2
proof verifies in Replica 3
proof verifies in Replica 4
Proof verification costs 14.178019 seconds
2-th exp in number of challenged block 600
Running...
Tag generation costs 117.890829 seconds
Proof generation costs 3.327158 seconds
proof verifies in Replica 0
proof verifies in Replica 1
proof verifies in Replica 2
proof verifies in Replica 3
proof verifies in Replica 4
Proof verification costs 14.118498 seconds
3-th exp in number of challenged block 600
Running...
Tag generation costs 117.690358 seconds
Proof generation costs 3.329447 seconds
proof verifies in Replica 0
proof verifies in Replica 1
proof verifies in Replica 2
proof verifies in Replica 3
proof verifies in Replica 4
Proof verification costs 14.099725 seconds
4-th exp in number of challenged block 600
Running...
Tag generation costs 117.887426 seconds
Proof generation costs 3.324759 seconds
proof verifies in Replica 0
proof verifies in Replica 1
proof verifies in Replica 2
proof verifies in Replica 3
proof verifies in Replica 4
Proof verification costs 14.148468 seconds
5-th exp in number of challenged block 600
Running...
Tag generation costs 117.149446 seconds
Proof generation costs 3.340842 seconds
proof verifies in Replica 0
proof verifies in Replica 1
proof verifies in Replica 2
proof verifies in Replica 3
proof verifies in Replica 4
Proof verification costs 14.106249 seconds
6-th exp in number of challenged block 600
Running...
Tag generation costs 118.246162 seconds
Proof generation costs 3.370375 seconds
proof verifies in Replica 0
proof verifies in Replica 1
proof verifies in Replica 2
proof verifies in Replica 3
proof verifies in Replica 4
Proof verification costs 14.210721 seconds
7-th exp in number of challenged block 600
Running...
Tag generation costs 117.756091 seconds
Proof generation costs 3.341984 seconds
proof verifies in Replica 0
proof verifies in Replica 1
proof verifies in Replica 2
proof verifies in Replica 3
proof verifies in Replica 4
Proof verification costs 14.187250 seconds
8-th exp in number of challenged block 600
Running...
Tag generation costs 117.630216 seconds
Proof generation costs 3.331889 seconds
proof verifies in Replica 0
proof verifies in Replica 1
proof verifies in Replica 2
proof verifies in Replica 3
proof verifies in Replica 4
Proof verification costs 14.108698 seconds
9-th exp in number of challenged block 600
Running...
Tag generation costs 116.284858 seconds
Proof generation costs 3.326143 seconds
proof verifies in Replica 0
proof verifies in Replica 1
proof verifies in Replica 2
proof verifies in Replica 3
proof verifies in Replica 4
Proof verification costs 14.123957 seconds
10-th exp in number of challenged block 600
Running...
Tag generation costs 118.147467 seconds
Proof generation costs 3.324819 seconds
proof verifies in Replica 0
proof verifies in Replica 1
proof verifies in Replica 2
proof verifies in Replica 3
proof verifies in Replica 4
Proof verification costs 14.098092 seconds
700
1-th exp in number of challenged block 700
Running...
Tag generation costs 117.694285 seconds
Proof generation costs 3.897271 seconds
proof verifies in Replica 0
proof verifies in Replica 1
proof verifies in Replica 2
proof verifies in Replica 3
proof verifies in Replica 4
Proof verification costs 16.467094 seconds
2-th exp in number of challenged block 700
Running...
Tag generation costs 118.362721 seconds
Proof generation costs 3.901027 seconds
proof verifies in Replica 0
proof verifies in Replica 1
proof verifies in Replica 2
proof verifies in Replica 3
proof verifies in Replica 4
Proof verification costs 16.500550 seconds
3-th exp in number of challenged block 700
Running...
Tag generation costs 118.246815 seconds
Proof generation costs 3.882449 seconds
proof verifies in Replica 0
proof verifies in Replica 1
proof verifies in Replica 2
proof verifies in Replica 3
proof verifies in Replica 4
Proof verification costs 16.458120 seconds
4-th exp in number of challenged block 700
Running...
Tag generation costs 117.525385 seconds
Proof generation costs 3.879158 seconds
proof verifies in Replica 0
proof verifies in Replica 1
proof verifies in Replica 2
proof verifies in Replica 3
proof verifies in Replica 4
Proof verification costs 16.465961 seconds
5-th exp in number of challenged block 700
Running...
Tag generation costs 118.082702 seconds
Proof generation costs 3.897166 seconds
proof verifies in Replica 0
proof verifies in Replica 1
proof verifies in Replica 2
proof verifies in Replica 3
proof verifies in Replica 4
Proof verification costs 16.494403 seconds
6-th exp in number of challenged block 700
Running...
Tag generation costs 118.923230 seconds
Proof generation costs 3.887174 seconds
proof verifies in Replica 0
proof verifies in Replica 1
proof verifies in Replica 2
proof verifies in Replica 3
proof verifies in Replica 4
Proof verification costs 16.440422 seconds
7-th exp in number of challenged block 700
Running...
Tag generation costs 117.837315 seconds
Proof generation costs 3.884219 seconds
proof verifies in Replica 0
proof verifies in Replica 1
proof verifies in Replica 2
proof verifies in Replica 3
proof verifies in Replica 4
Proof verification costs 16.489072 seconds
8-th exp in number of challenged block 700
Running...
Tag generation costs 117.726429 seconds
Proof generation costs 3.881471 seconds
proof verifies in Replica 0
proof verifies in Replica 1
proof verifies in Replica 2
proof verifies in Replica 3
proof verifies in Replica 4
Proof verification costs 16.473514 seconds
9-th exp in number of challenged block 700
Running...
Tag generation costs 118.028502 seconds
Proof generation costs 3.884935 seconds
proof verifies in Replica 0
proof verifies in Replica 1
proof verifies in Replica 2
proof verifies in Replica 3
proof verifies in Replica 4
Proof verification costs 16.450406 seconds
10-th exp in number of challenged block 700
Running...
Tag generation costs 118.199683 seconds
Proof generation costs 3.888842 seconds
proof verifies in Replica 0
proof verifies in Replica 1
proof verifies in Replica 2
proof verifies in Replica 3
proof verifies in Replica 4
Proof verification costs 16.485543 seconds
800
1-th exp in number of challenged block 800
Running...
Tag generation costs 118.499468 seconds
Proof generation costs 4.443653 seconds
proof verifies in Replica 0
proof verifies in Replica 1
proof verifies in Replica 2
proof verifies in Replica 3
proof verifies in Replica 4
Proof verification costs 18.826371 seconds
2-th exp in number of challenged block 800
Running...
Tag generation costs 118.442580 seconds
Proof generation costs 4.445196 seconds
proof verifies in Replica 0
proof verifies in Replica 1
proof verifies in Replica 2
proof verifies in Replica 3
proof verifies in Replica 4
Proof verification costs 18.844418 seconds
3-th exp in number of challenged block 800
Running...
Tag generation costs 117.581499 seconds
Proof generation costs 4.437942 seconds
proof verifies in Replica 0
proof verifies in Replica 1
proof verifies in Replica 2
proof verifies in Replica 3
proof verifies in Replica 4
Proof verification costs 18.814728 seconds
4-th exp in number of challenged block 800
Running...
Tag generation costs 117.498044 seconds
Proof generation costs 4.441498 seconds
proof verifies in Replica 0
proof verifies in Replica 1
proof verifies in Replica 2
proof verifies in Replica 3
proof verifies in Replica 4
Proof verification costs 18.829179 seconds
5-th exp in number of challenged block 800
Running...
Tag generation costs 118.153861 seconds
Proof generation costs 4.441136 seconds
proof verifies in Replica 0
proof verifies in Replica 1
proof verifies in Replica 2
proof verifies in Replica 3
proof verifies in Replica 4
Proof verification costs 18.814190 seconds
6-th exp in number of challenged block 800
Running...
Tag generation costs 118.369041 seconds
Proof generation costs 4.449719 seconds
proof verifies in Replica 0
proof verifies in Replica 1
proof verifies in Replica 2
proof verifies in Replica 3
proof verifies in Replica 4
Proof verification costs 18.833797 seconds
7-th exp in number of challenged block 800
Running...
Tag generation costs 118.003281 seconds
Proof generation costs 4.436894 seconds
proof verifies in Replica 0
proof verifies in Replica 1
proof verifies in Replica 2
proof verifies in Replica 3
proof verifies in Replica 4
Proof verification costs 18.766395 seconds
8-th exp in number of challenged block 800
Running...
Tag generation costs 118.302982 seconds
Proof generation costs 4.480260 seconds
proof verifies in Replica 0
proof verifies in Replica 1
proof verifies in Replica 2
proof verifies in Replica 3
proof verifies in Replica 4
Proof verification costs 18.894210 seconds
9-th exp in number of challenged block 800
Running...
Tag generation costs 118.920712 seconds
Proof generation costs 4.483164 seconds
proof verifies in Replica 0
proof verifies in Replica 1
proof verifies in Replica 2
proof verifies in Replica 3
proof verifies in Replica 4
Proof verification costs 18.906685 seconds
10-th exp in number of challenged block 800
Running...
Tag generation costs 117.806438 seconds
Proof generation costs 4.437050 seconds
proof verifies in Replica 0
proof verifies in Replica 1
proof verifies in Replica 2
proof verifies in Replica 3
proof verifies in Replica 4
Proof verification costs 18.804348 seconds
900
1-th exp in number of challenged block 900
Running...
Tag generation costs 117.740636 seconds
Proof generation costs 5.011608 seconds
proof verifies in Replica 0
proof verifies in Replica 1
proof verifies in Replica 2
proof verifies in Replica 3
proof verifies in Replica 4
Proof verification costs 21.257003 seconds
2-th exp in number of challenged block 900
Running...
Tag generation costs 117.939200 seconds
Proof generation costs 4.999286 seconds
proof verifies in Replica 0
proof verifies in Replica 1
proof verifies in Replica 2
proof verifies in Replica 3
proof verifies in Replica 4
Proof verification costs 21.157947 seconds
3-th exp in number of challenged block 900
Running...
Tag generation costs 117.751909 seconds
Proof generation costs 5.007629 seconds
proof verifies in Replica 0
proof verifies in Replica 1
proof verifies in Replica 2
proof verifies in Replica 3
proof verifies in Replica 4
Proof verification costs 21.177799 seconds
4-th exp in number of challenged block 900
Running...
Tag generation costs 117.835662 seconds
Proof generation costs 5.008765 seconds
proof verifies in Replica 0
proof verifies in Replica 1
proof verifies in Replica 2
proof verifies in Replica 3
proof verifies in Replica 4
Proof verification costs 21.200378 seconds
5-th exp in number of challenged block 900
Running...
Tag generation costs 118.342152 seconds
Proof generation costs 5.011958 seconds
proof verifies in Replica 0
proof verifies in Replica 1
proof verifies in Replica 2
proof verifies in Replica 3
proof verifies in Replica 4
Proof verification costs 21.209577 seconds
6-th exp in number of challenged block 900
Running...
Tag generation costs 117.881631 seconds
Proof generation costs 5.007704 seconds
proof verifies in Replica 0
proof verifies in Replica 1
proof verifies in Replica 2
proof verifies in Replica 3
proof verifies in Replica 4
Proof verification costs 21.242752 seconds
7-th exp in number of challenged block 900
Running...
Tag generation costs 118.287074 seconds
Proof generation costs 5.001645 seconds
proof verifies in Replica 0
proof verifies in Replica 1
proof verifies in Replica 2
proof verifies in Replica 3
proof verifies in Replica 4
Proof verification costs 21.225041 seconds
8-th exp in number of challenged block 900
Running...
Tag generation costs 118.139044 seconds
Proof generation costs 4.997105 seconds
proof verifies in Replica 0
proof verifies in Replica 1
proof verifies in Replica 2
proof verifies in Replica 3
proof verifies in Replica 4
Proof verification costs 21.242200 seconds
9-th exp in number of challenged block 900
Running...
Tag generation costs 118.556904 seconds
Proof generation costs 5.032624 seconds
proof verifies in Replica 0
proof verifies in Replica 1
proof verifies in Replica 2
proof verifies in Replica 3
proof verifies in Replica 4
Proof verification costs 21.266467 seconds
10-th exp in number of challenged block 900
Running...
Tag generation costs 117.858863 seconds
Proof generation costs 5.015125 seconds
proof verifies in Replica 0
proof verifies in Replica 1
proof verifies in Replica 2
proof verifies in Replica 3
proof verifies in Replica 4
Proof verification costs 21.257329 seconds
1000
1-th exp in number of challenged block 1000
Running...
Tag generation costs 117.873751 seconds
Proof generation costs 5.544687 seconds
proof verifies in Replica 0
proof verifies in Replica 1
proof verifies in Replica 2
proof verifies in Replica 3
proof verifies in Replica 4
Proof verification costs 23.523705 seconds
2-th exp in number of challenged block 1000
Running...
Tag generation costs 117.664533 seconds
Proof generation costs 5.557367 seconds
proof verifies in Replica 0
proof verifies in Replica 1
proof verifies in Replica 2
proof verifies in Replica 3
proof verifies in Replica 4
Proof verification costs 23.527027 seconds
3-th exp in number of challenged block 1000
Running...
Tag generation costs 117.580717 seconds
Proof generation costs 5.563948 seconds
proof verifies in Replica 0
proof verifies in Replica 1
proof verifies in Replica 2
proof verifies in Replica 3
proof verifies in Replica 4
Proof verification costs 23.672928 seconds
4-th exp in number of challenged block 1000
Running...
Tag generation costs 118.352252 seconds
Proof generation costs 5.567862 seconds
proof verifies in Replica 0
proof verifies in Replica 1
proof verifies in Replica 2
proof verifies in Replica 3
proof verifies in Replica 4
Proof verification costs 23.591767 seconds
5-th exp in number of challenged block 1000
Running...
Tag generation costs 117.665800 seconds
Proof generation costs 5.569712 seconds
proof verifies in Replica 0
proof verifies in Replica 1
proof verifies in Replica 2
proof verifies in Replica 3
proof verifies in Replica 4
Proof verification costs 23.532421 seconds
6-th exp in number of challenged block 1000
Running...
Tag generation costs 117.720394 seconds
Proof generation costs 5.544055 seconds
proof verifies in Replica 0
proof verifies in Replica 1
proof verifies in Replica 2
proof verifies in Replica 3
proof verifies in Replica 4
Proof verification costs 23.507426 seconds
7-th exp in number of challenged block 1000
Running...
Tag generation costs 117.988530 seconds
Proof generation costs 5.591266 seconds
proof verifies in Replica 0
proof verifies in Replica 1
proof verifies in Replica 2
proof verifies in Replica 3
proof verifies in Replica 4
Proof verification costs 23.689832 seconds
8-th exp in number of challenged block 1000
Running...
Tag generation costs 117.765942 seconds
Proof generation costs 5.564546 seconds
proof verifies in Replica 0
proof verifies in Replica 1
proof verifies in Replica 2
proof verifies in Replica 3
proof verifies in Replica 4
Proof verification costs 23.534953 seconds
9-th exp in number of challenged block 1000
Running...
Tag generation costs 118.207609 seconds
Proof generation costs 5.559689 seconds
proof verifies in Replica 0
proof verifies in Replica 1
proof verifies in Replica 2
proof verifies in Replica 3
proof verifies in Replica 4
Proof verification costs 23.550973 seconds
10-th exp in number of challenged block 1000
Running...
Tag generation costs 117.407297 seconds
Proof generation costs 5.551680 seconds
proof verifies in Replica 0
proof verifies in Replica 1
proof verifies in Replica 2
proof verifies in Replica 3
proof verifies in Replica 4
Proof verification costs 23.531328 seconds
