1000
Running...
Tag generation costs 23.432799 seconds
Proof generation costs 0.331382 seconds
proof verifies
Proof verification costs 1.405638 seconds
Running...
Tag generation costs 23.429585 seconds
Proof generation costs 0.333207 seconds
proof verifies
Proof verification costs 1.420828 seconds
Running...
Tag generation costs 23.446372 seconds
Proof generation costs 0.332135 seconds
proof verifies
Proof verification costs 1.408237 seconds
Running...
Tag generation costs 23.410242 seconds
Proof generation costs 0.332397 seconds
proof verifies
Proof verification costs 1.405670 seconds
Running...
Tag generation costs 23.568577 seconds
Proof generation costs 0.335279 seconds
proof verifies
Proof verification costs 1.420475 seconds
Running...
Tag generation costs 23.314006 seconds
Proof generation costs 0.331787 seconds
proof verifies
Proof verification costs 1.405813 seconds
Running...
Tag generation costs 23.373415 seconds
Proof generation costs 0.331595 seconds
proof verifies
Proof verification costs 1.404804 seconds
Running...
Tag generation costs 23.272910 seconds
Proof generation costs 0.331654 seconds
proof verifies
Proof verification costs 1.407038 seconds
Running...
Tag generation costs 23.382255 seconds
Proof generation costs 0.331935 seconds
proof verifies
Proof verification costs 1.405808 seconds
Running...
Tag generation costs 23.428156 seconds
Proof generation costs 0.332631 seconds
proof verifies
Proof verification costs 1.407860 seconds
2000
Running...
Tag generation costs 46.854091 seconds
Proof generation costs 0.331622 seconds
proof verifies
Proof verification costs 1.404938 seconds
Running...
Tag generation costs 46.949773 seconds
Proof generation costs 0.332501 seconds
proof verifies
Proof verification costs 1.405575 seconds
Running...
Tag generation costs 46.721092 seconds
Proof generation costs 0.331659 seconds
proof verifies
Proof verification costs 1.404276 seconds
Running...
Tag generation costs 46.947260 seconds
Proof generation costs 0.331434 seconds
proof verifies
Proof verification costs 1.405636 seconds
Running...
Tag generation costs 46.890321 seconds
Proof generation costs 0.332159 seconds
proof verifies
Proof verification costs 1.407463 seconds
Running...
Tag generation costs 46.659645 seconds
Proof generation costs 0.331878 seconds
proof verifies
Proof verification costs 1.405680 seconds
Running...
Tag generation costs 46.848012 seconds
Proof generation costs 0.332191 seconds
proof verifies
Proof verification costs 1.405738 seconds
Running...
Tag generation costs 47.210855 seconds
Proof generation costs 0.333286 seconds
proof verifies
Proof verification costs 1.415512 seconds
Running...
Tag generation costs 46.980839 seconds
Proof generation costs 0.331882 seconds
proof verifies
Proof verification costs 1.406851 seconds
Running...
Tag generation costs 46.831598 seconds
Proof generation costs 0.331260 seconds
proof verifies
Proof verification costs 1.404383 seconds
3000
Running...
Tag generation costs 70.362569 seconds
Proof generation costs 0.332971 seconds
proof verifies
Proof verification costs 1.405832 seconds
Running...
Tag generation costs 70.300489 seconds
Proof generation costs 0.331733 seconds
proof verifies
Proof verification costs 1.404790 seconds
Running...
Tag generation costs 70.637779 seconds
Proof generation costs 0.332204 seconds
proof verifies
Proof verification costs 1.411110 seconds
Running...
Tag generation costs 70.233600 seconds
Proof generation costs 0.332303 seconds
proof verifies
Proof verification costs 1.406735 seconds
Running...
Tag generation costs 70.525740 seconds
Proof generation costs 0.332598 seconds
proof verifies
Proof verification costs 1.407268 seconds
Running...
Tag generation costs 70.496751 seconds
Proof generation costs 0.331698 seconds
proof verifies
Proof verification costs 1.406000 seconds
Running...
Tag generation costs 70.344306 seconds
Proof generation costs 0.334767 seconds
proof verifies
Proof verification costs 1.417574 seconds
Running...
Tag generation costs 70.632502 seconds
Proof generation costs 0.331482 seconds
proof verifies
Proof verification costs 1.404970 seconds
Running...
Tag generation costs 70.414504 seconds
Proof generation costs 0.332355 seconds
proof verifies
Proof verification costs 1.407366 seconds
Running...
Tag generation costs 70.415867 seconds
Proof generation costs 0.332813 seconds
proof verifies
Proof verification costs 1.406550 seconds
4000
Running...
Tag generation costs 93.683675 seconds
Proof generation costs 0.332639 seconds
proof verifies
Proof verification costs 1.406870 seconds
Running...
Tag generation costs 94.069365 seconds
Proof generation costs 0.331716 seconds
proof verifies
Proof verification costs 1.407168 seconds
Running...
Tag generation costs 93.894505 seconds
Proof generation costs 0.332374 seconds
proof verifies
Proof verification costs 1.408559 seconds
Running...
Tag generation costs 93.975092 seconds
Proof generation costs 0.332324 seconds
proof verifies
Proof verification costs 1.409821 seconds
Running...
Tag generation costs 94.028328 seconds
Proof generation costs 0.330989 seconds
proof verifies
Proof verification costs 1.404987 seconds
Running...
Tag generation costs 93.905057 seconds
Proof generation costs 0.331694 seconds
proof verifies
Proof verification costs 1.412339 seconds
Running...
Tag generation costs 93.743961 seconds
Proof generation costs 0.331833 seconds
proof verifies
Proof verification costs 1.404405 seconds
Running...
Tag generation costs 93.963574 seconds
Proof generation costs 0.331518 seconds
proof verifies
Proof verification costs 1.405361 seconds
Running...
Tag generation costs 93.897730 seconds
Proof generation costs 0.332089 seconds
proof verifies
Proof verification costs 1.405464 seconds
Running...
Tag generation costs 94.431810 seconds
Proof generation costs 0.333894 seconds
proof verifies
Proof verification costs 1.419930 seconds
5000
Running...
Tag generation costs 117.432381 seconds
Proof generation costs 0.331421 seconds
proof verifies
Proof verification costs 1.406899 seconds
Running...
Tag generation costs 117.577415 seconds
Proof generation costs 0.331551 seconds
proof verifies
Proof verification costs 1.405622 seconds
Running...
Tag generation costs 117.558653 seconds
Proof generation costs 0.331793 seconds
proof verifies
Proof verification costs 1.407375 seconds
Running...
Tag generation costs 117.452002 seconds
Proof generation costs 0.331754 seconds
proof verifies
Proof verification costs 1.404892 seconds
Running...
Tag generation costs 117.856342 seconds
Proof generation costs 0.331515 seconds
proof verifies
Proof verification costs 1.406563 seconds
Running...
Tag generation costs 117.465570 seconds
Proof generation costs 0.331232 seconds
proof verifies
Proof verification costs 1.404488 seconds
Running...
Tag generation costs 117.146671 seconds
Proof generation costs 0.331569 seconds
proof verifies
Proof verification costs 1.405478 seconds
Running...
Tag generation costs 116.581297 seconds
Proof generation costs 0.331702 seconds
proof verifies
Proof verification costs 1.406640 seconds
Running...
Tag generation costs 117.175373 seconds
Proof generation costs 0.331578 seconds
proof verifies
Proof verification costs 1.404640 seconds
Running...
Tag generation costs 117.916625 seconds
Proof generation costs 0.334244 seconds
proof verifies
Proof verification costs 1.412655 seconds
6000
Running...
Tag generation costs 142.016841 seconds
Proof generation costs 0.336211 seconds
proof verifies
Proof verification costs 1.414469 seconds
Running...
Tag generation costs 141.096581 seconds
Proof generation costs 0.331626 seconds
proof verifies
Proof verification costs 1.406373 seconds
Running...
Tag generation costs 139.409836 seconds
Proof generation costs 0.332080 seconds
proof verifies
Proof verification costs 1.407088 seconds
Running...
Tag generation costs 140.477927 seconds
Proof generation costs 0.331922 seconds
proof verifies
Proof verification costs 1.406504 seconds
Running...
Tag generation costs 140.632275 seconds
Proof generation costs 0.332765 seconds
proof verifies
Proof verification costs 1.406139 seconds
Running...
Tag generation costs 140.605995 seconds
Proof generation costs 0.331270 seconds
proof verifies
Proof verification costs 1.405620 seconds
Running...
Tag generation costs 141.058445 seconds
Proof generation costs 0.332713 seconds
proof verifies
Proof verification costs 1.409346 seconds
Running...
Tag generation costs 141.035106 seconds
Proof generation costs 0.332246 seconds
proof verifies
Proof verification costs 1.406286 seconds
Running...
Tag generation costs 141.081928 seconds
Proof generation costs 0.331090 seconds
proof verifies
Proof verification costs 1.405197 seconds
Running...
Tag generation costs 140.752931 seconds
Proof generation costs 0.331713 seconds
proof verifies
Proof verification costs 1.404402 seconds
7000
Running...
Tag generation costs 165.235079 seconds
Proof generation costs 0.335258 seconds
proof verifies
Proof verification costs 1.414586 seconds
Running...
Tag generation costs 163.189911 seconds
Proof generation costs 0.331880 seconds
proof verifies
Proof verification costs 1.406500 seconds
Running...
Tag generation costs 164.822725 seconds
Proof generation costs 0.331839 seconds
proof verifies
Proof verification costs 1.409070 seconds
Running...
Tag generation costs 163.888766 seconds
Proof generation costs 0.331766 seconds
proof verifies
Proof verification costs 1.406110 seconds
Running...
Tag generation costs 164.464434 seconds
Proof generation costs 0.331724 seconds
proof verifies
Proof verification costs 1.404415 seconds
Running...
Tag generation costs 163.886499 seconds
Proof generation costs 0.332457 seconds
proof verifies
Proof verification costs 1.407257 seconds
Running...
Tag generation costs 163.457565 seconds
Proof generation costs 0.332391 seconds
proof verifies
Proof verification costs 1.407681 seconds
Running...
Tag generation costs 164.846881 seconds
Proof generation costs 0.331815 seconds
proof verifies
Proof verification costs 1.404751 seconds
Running...
Tag generation costs 165.001777 seconds
Proof generation costs 0.332256 seconds
proof verifies
Proof verification costs 1.412388 seconds
Running...
Tag generation costs 164.055785 seconds
Proof generation costs 0.331550 seconds
proof verifies
Proof verification costs 1.405918 seconds
8000
Running...
Tag generation costs 187.874941 seconds
Proof generation costs 0.332933 seconds
proof verifies
Proof verification costs 1.406943 seconds
Running...
Tag generation costs 186.227619 seconds
Proof generation costs 0.332142 seconds
proof verifies
Proof verification costs 1.406129 seconds
Running...
Tag generation costs 187.885082 seconds
Proof generation costs 0.331814 seconds
proof verifies
Proof verification costs 1.405413 seconds
Running...
Tag generation costs 188.692393 seconds
Proof generation costs 0.331615 seconds
proof verifies
Proof verification costs 1.408005 seconds
Running...
Tag generation costs 187.944655 seconds
Proof generation costs 0.331800 seconds
proof verifies
Proof verification costs 1.407942 seconds
Running...
Tag generation costs 187.602453 seconds
Proof generation costs 0.332244 seconds
proof verifies
Proof verification costs 1.407211 seconds
Running...
Tag generation costs 187.576676 seconds
Proof generation costs 0.331463 seconds
proof verifies
Proof verification costs 1.405300 seconds
Running...
Tag generation costs 187.519748 seconds
Proof generation costs 0.335262 seconds
proof verifies
Proof verification costs 1.408966 seconds
Running...
Tag generation costs 187.805507 seconds
Proof generation costs 0.331865 seconds
proof verifies
Proof verification costs 1.408007 seconds
Running...
Tag generation costs 188.868907 seconds
Proof generation costs 0.332950 seconds
proof verifies
Proof verification costs 1.413291 seconds
9000
Running...
Tag generation costs 212.484072 seconds
Proof generation costs 0.333078 seconds
proof verifies
Proof verification costs 1.413102 seconds
Running...
Tag generation costs 210.302212 seconds
Proof generation costs 0.331347 seconds
proof verifies
Proof verification costs 1.405738 seconds
Running...
Tag generation costs 210.513411 seconds
Proof generation costs 0.331700 seconds
proof verifies
Proof verification costs 1.405173 seconds
Running...
Tag generation costs 210.670655 seconds
Proof generation costs 0.331783 seconds
proof verifies
Proof verification costs 1.404924 seconds
Running...
Tag generation costs 211.594226 seconds
Proof generation costs 0.331637 seconds
proof verifies
Proof verification costs 1.406153 seconds
Running...
Tag generation costs 210.893104 seconds
Proof generation costs 0.331771 seconds
proof verifies
Proof verification costs 1.417087 seconds
Running...
Tag generation costs 211.087426 seconds
Proof generation costs 0.332499 seconds
proof verifies
Proof verification costs 1.406560 seconds
Running...
Tag generation costs 211.657488 seconds
Proof generation costs 0.331771 seconds
proof verifies
Proof verification costs 1.405750 seconds
Running...
Tag generation costs 210.991622 seconds
Proof generation costs 0.331355 seconds
proof verifies
Proof verification costs 1.404438 seconds
Running...
Tag generation costs 211.052035 seconds
Proof generation costs 0.333344 seconds
proof verifies
Proof verification costs 1.414273 seconds
10000
Running...
Tag generation costs 234.456287 seconds
Proof generation costs 0.331644 seconds
proof verifies
Proof verification costs 1.405101 seconds
Running...
Tag generation costs 234.147767 seconds
Proof generation costs 0.331199 seconds
proof verifies
Proof verification costs 1.403667 seconds
Running...
Tag generation costs 235.814020 seconds
Proof generation costs 0.333994 seconds
proof verifies
Proof verification costs 1.410789 seconds
Running...
Tag generation costs 234.320256 seconds
Proof generation costs 0.331601 seconds
proof verifies
Proof verification costs 1.406591 seconds
Running...
Tag generation costs 236.055527 seconds
Proof generation costs 0.333170 seconds
proof verifies
Proof verification costs 1.412015 seconds
Running...
Tag generation costs 235.048837 seconds
Proof generation costs 0.331772 seconds
proof verifies
Proof verification costs 1.405978 seconds
Running...
Tag generation costs 235.089942 seconds
Proof generation costs 0.333452 seconds
proof verifies
Proof verification costs 1.410887 seconds
Running...
Tag generation costs 234.996293 seconds
Proof generation costs 0.331545 seconds
proof verifies
Proof verification costs 1.404888 seconds
Running...
Tag generation costs 233.127046 seconds
Proof generation costs 0.331701 seconds
proof verifies
Proof verification costs 1.405567 seconds
Running...
Tag generation costs 234.099760 seconds
Proof generation costs 0.331835 seconds
proof verifies
Proof verification costs 1.406060 seconds
