1
Running...
Tag generation costs 23.496824 seconds
Proof generation costs 0.332437 seconds
proof verifies
Proof verification costs 1.407230 seconds
Running...
Tag generation costs 23.535751 seconds
Proof generation costs 0.331966 seconds
proof verifies
Proof verification costs 1.406737 seconds
Running...
Tag generation costs 23.451420 seconds
Proof generation costs 0.331502 seconds
proof verifies
Proof verification costs 1.406024 seconds
Running...
Tag generation costs 23.579852 seconds
Proof generation costs 0.331101 seconds
proof verifies
Proof verification costs 1.403304 seconds
Running...
Tag generation costs 23.465082 seconds
Proof generation costs 0.331479 seconds
proof verifies
Proof verification costs 1.408545 seconds
Running...
Tag generation costs 23.483881 seconds
Proof generation costs 0.334939 seconds
proof verifies
Proof verification costs 1.411470 seconds
Running...
Tag generation costs 23.547038 seconds
Proof generation costs 0.331912 seconds
proof verifies
Proof verification costs 1.407072 seconds
Running...
Tag generation costs 23.513015 seconds
Proof generation costs 0.331494 seconds
proof verifies
Proof verification costs 1.404044 seconds
Running...
Tag generation costs 23.454461 seconds
Proof generation costs 0.331628 seconds
proof verifies
Proof verification costs 1.405404 seconds
Running...
Tag generation costs 23.520234 seconds
Proof generation costs 0.332838 seconds
proof verifies
Proof verification costs 1.410088 seconds
2
Running...
Tag generation costs 47.109595 seconds
Proof generation costs 0.334418 seconds
proof verifies
Proof verification costs 1.412317 seconds
Running...
Tag generation costs 48.362016 seconds
Proof generation costs 0.351658 seconds
proof verifies
Proof verification costs 1.512146 seconds
Running...
Tag generation costs 47.755477 seconds
Proof generation costs 0.341536 seconds
proof verifies
Proof verification costs 1.434498 seconds
Running...
Tag generation costs 47.342048 seconds
Proof generation costs 0.334760 seconds
proof verifies
Proof verification costs 1.415101 seconds
Running...
Tag generation costs 47.463859 seconds
Proof generation costs 0.338536 seconds
proof verifies
Proof verification costs 1.428850 seconds
Running...
Tag generation costs 47.611330 seconds
Proof generation costs 0.336676 seconds
proof verifies
Proof verification costs 1.417040 seconds
Running...
Tag generation costs 47.585315 seconds
Proof generation costs 0.333079 seconds
proof verifies
Proof verification costs 1.414252 seconds
Running...
Tag generation costs 47.429679 seconds
Proof generation costs 0.333469 seconds
proof verifies
Proof verification costs 1.416212 seconds
Running...
Tag generation costs 47.371415 seconds
Proof generation costs 0.334877 seconds
proof verifies
Proof verification costs 1.418370 seconds
Running...
Tag generation costs 47.474257 seconds
Proof generation costs 0.336739 seconds
proof verifies
Proof verification costs 1.431017 seconds
3
Running...
Tag generation costs 71.115541 seconds
Proof generation costs 0.333498 seconds
proof verifies
Proof verification costs 1.418267 seconds
Running...
Tag generation costs 71.391090 seconds
Proof generation costs 0.333147 seconds
proof verifies
Proof verification costs 1.422866 seconds
Running...
Tag generation costs 71.433976 seconds
Proof generation costs 0.339754 seconds
proof verifies
Proof verification costs 1.440686 seconds
Running...
Tag generation costs 70.878332 seconds
Proof generation costs 0.336101 seconds
proof verifies
Proof verification costs 1.421059 seconds
Running...
Tag generation costs 70.876045 seconds
Proof generation costs 0.337574 seconds
proof verifies
Proof verification costs 1.421153 seconds
Running...
Tag generation costs 70.958181 seconds
Proof generation costs 0.332347 seconds
proof verifies
Proof verification costs 1.408620 seconds
Running...
Tag generation costs 70.698587 seconds
Proof generation costs 0.332434 seconds
proof verifies
Proof verification costs 1.411148 seconds
Running...
Tag generation costs 70.999411 seconds
Proof generation costs 0.334238 seconds
proof verifies
Proof verification costs 1.411179 seconds
Running...
Tag generation costs 70.817560 seconds
Proof generation costs 0.333310 seconds
proof verifies
Proof verification costs 1.410723 seconds
Running...
Tag generation costs 71.074672 seconds
Proof generation costs 0.334898 seconds
proof verifies
Proof verification costs 1.420538 seconds
4
Running...
Tag generation costs 94.698856 seconds
Proof generation costs 0.334425 seconds
proof verifies
Proof verification costs 1.414084 seconds
Running...
Tag generation costs 93.935954 seconds
Proof generation costs 0.332918 seconds
proof verifies
Proof verification costs 1.410932 seconds
Running...
Tag generation costs 94.502105 seconds
Proof generation costs 0.332772 seconds
proof verifies
Proof verification costs 1.410034 seconds
Running...
Tag generation costs 94.786804 seconds
Proof generation costs 0.334037 seconds
proof verifies
Proof verification costs 1.414568 seconds
Running...
Tag generation costs 94.448017 seconds
Proof generation costs 0.333446 seconds
proof verifies
Proof verification costs 1.416083 seconds
Running...
Tag generation costs 94.356115 seconds
Proof generation costs 0.333689 seconds
proof verifies
Proof verification costs 1.420441 seconds
Running...
Tag generation costs 94.104318 seconds
Proof generation costs 0.336818 seconds
proof verifies
Proof verification costs 1.425782 seconds
Running...
Tag generation costs 94.565120 seconds
Proof generation costs 0.332986 seconds
proof verifies
Proof verification costs 1.414579 seconds
Running...
Tag generation costs 93.961489 seconds
Proof generation costs 0.332526 seconds
proof verifies
Proof verification costs 1.412229 seconds
Running...
Tag generation costs 94.417557 seconds
Proof generation costs 0.334236 seconds
proof verifies
Proof verification costs 1.418728 seconds
5
Running...
Tag generation costs 117.667750 seconds
Proof generation costs 0.334421 seconds
proof verifies
Proof verification costs 1.412846 seconds
Running...
Tag generation costs 119.063123 seconds
Proof generation costs 0.335915 seconds
proof verifies
Proof verification costs 1.425122 seconds
Running...
Tag generation costs 117.890744 seconds
Proof generation costs 0.333087 seconds
proof verifies
Proof verification costs 1.412108 seconds
Running...
Tag generation costs 118.077350 seconds
Proof generation costs 0.332481 seconds
proof verifies
Proof verification costs 1.410867 seconds
Running...
Tag generation costs 118.197642 seconds
Proof generation costs 0.333559 seconds
proof verifies
Proof verification costs 1.413261 seconds
Running...
Tag generation costs 118.164533 seconds
Proof generation costs 0.332748 seconds
proof verifies
Proof verification costs 1.412344 seconds
Running...
Tag generation costs 118.017586 seconds
Proof generation costs 0.333541 seconds
proof verifies
Proof verification costs 1.411199 seconds
Running...
Tag generation costs 118.051041 seconds
Proof generation costs 0.332896 seconds
proof verifies
Proof verification costs 1.416385 seconds
Running...
Tag generation costs 117.978166 seconds
Proof generation costs 0.334092 seconds
proof verifies
Proof verification costs 1.414018 seconds
Running...
Tag generation costs 118.426493 seconds
Proof generation costs 0.332622 seconds
proof verifies
Proof verification costs 1.413027 seconds
6
Running...
Tag generation costs 141.886293 seconds
Proof generation costs 0.332637 seconds
proof verifies
Proof verification costs 1.412868 seconds
Running...
Tag generation costs 141.596560 seconds
Proof generation costs 0.333222 seconds
proof verifies
Proof verification costs 1.417722 seconds
Running...
Tag generation costs 141.591840 seconds
Proof generation costs 0.334097 seconds
proof verifies
Proof verification costs 1.410977 seconds
Running...
Tag generation costs 141.957425 seconds
Proof generation costs 0.332865 seconds
proof verifies
Proof verification costs 1.412006 seconds
Running...
Tag generation costs 141.856969 seconds
Proof generation costs 0.333746 seconds
proof verifies
Proof verification costs 1.411659 seconds
Running...
Tag generation costs 142.051583 seconds
Proof generation costs 0.336475 seconds
proof verifies
Proof verification costs 1.423444 seconds
Running...
Tag generation costs 141.897000 seconds
Proof generation costs 0.335739 seconds
proof verifies
Proof verification costs 1.422251 seconds
Running...
Tag generation costs 141.933602 seconds
Proof generation costs 0.336428 seconds
proof verifies
Proof verification costs 1.418450 seconds
Running...
Tag generation costs 141.612534 seconds
Proof generation costs 0.334591 seconds
proof verifies
Proof verification costs 1.412748 seconds
Running...
Tag generation costs 141.709269 seconds
Proof generation costs 0.333457 seconds
proof verifies
Proof verification costs 1.418148 seconds
7
Running...
Tag generation costs 164.717112 seconds
Proof generation costs 0.332876 seconds
proof verifies
Proof verification costs 1.410590 seconds
Running...
Tag generation costs 165.723843 seconds
Proof generation costs 0.333335 seconds
proof verifies
Proof verification costs 1.411845 seconds
Running...
Tag generation costs 165.860514 seconds
Proof generation costs 0.336386 seconds
proof verifies
Proof verification costs 1.418889 seconds
Running...
Tag generation costs 165.173447 seconds
Proof generation costs 0.332361 seconds
proof verifies
Proof verification costs 1.409972 seconds
Running...
Tag generation costs 164.880038 seconds
Proof generation costs 0.334641 seconds
proof verifies
Proof verification costs 1.422471 seconds
Running...
Tag generation costs 165.638585 seconds
Proof generation costs 0.336736 seconds
proof verifies
Proof verification costs 1.420983 seconds
Running...
Tag generation costs 165.400499 seconds
Proof generation costs 0.333786 seconds
proof verifies
Proof verification costs 1.411376 seconds
Running...
Tag generation costs 165.492332 seconds
Proof generation costs 0.334191 seconds
proof verifies
Proof verification costs 1.417103 seconds
Running...
Tag generation costs 165.654115 seconds
Proof generation costs 0.332457 seconds
proof verifies
Proof verification costs 1.413984 seconds
Running...
Tag generation costs 165.756191 seconds
Proof generation costs 0.337535 seconds
proof verifies
Proof verification costs 1.414933 seconds
8
Running...
Tag generation costs 187.836650 seconds
Proof generation costs 0.335784 seconds
proof verifies
Proof verification costs 1.423522 seconds
Running...
Tag generation costs 189.081525 seconds
Proof generation costs 0.332321 seconds
proof verifies
Proof verification costs 1.411082 seconds
Running...
Tag generation costs 188.077425 seconds
Proof generation costs 0.335479 seconds
proof verifies
Proof verification costs 1.414869 seconds
Running...
Tag generation costs 189.001853 seconds
Proof generation costs 0.333577 seconds
proof verifies
Proof verification costs 1.410520 seconds
Running...
Tag generation costs 189.148843 seconds
Proof generation costs 0.333174 seconds
proof verifies
Proof verification costs 1.413386 seconds
Running...
Tag generation costs 189.416594 seconds
Proof generation costs 0.333099 seconds
proof verifies
Proof verification costs 1.413692 seconds
Running...
Tag generation costs 188.838079 seconds
Proof generation costs 0.333338 seconds
proof verifies
Proof verification costs 1.414048 seconds
Running...
Tag generation costs 188.551794 seconds
Proof generation costs 0.332497 seconds
proof verifies
Proof verification costs 1.409415 seconds
Running...
Tag generation costs 188.518829 seconds
Proof generation costs 0.333390 seconds
proof verifies
Proof verification costs 1.411207 seconds
Running...
Tag generation costs 189.914532 seconds
Proof generation costs 0.334067 seconds
proof verifies
Proof verification costs 1.415845 seconds
9
Running...
Tag generation costs 212.963039 seconds
Proof generation costs 0.333428 seconds
proof verifies
Proof verification costs 1.412950 seconds
Running...
Tag generation costs 212.502390 seconds
Proof generation costs 0.336233 seconds
proof verifies
Proof verification costs 1.422562 seconds
Running...
Tag generation costs 211.169210 seconds
Proof generation costs 0.332186 seconds
proof verifies
Proof verification costs 1.411036 seconds
Running...
Tag generation costs 211.797226 seconds
Proof generation costs 0.336879 seconds
proof verifies
Proof verification costs 1.423715 seconds
Running...
Tag generation costs 212.500529 seconds
Proof generation costs 0.333654 seconds
proof verifies
Proof verification costs 1.415537 seconds
Running...
Tag generation costs 212.659161 seconds
Proof generation costs 0.333088 seconds
proof verifies
Proof verification costs 1.412126 seconds
Running...
Tag generation costs 211.334437 seconds
Proof generation costs 0.334252 seconds
proof verifies
Proof verification costs 1.413736 seconds
Running...
Tag generation costs 212.032193 seconds
Proof generation costs 0.333947 seconds
proof verifies
Proof verification costs 1.419040 seconds
Running...
Tag generation costs 213.082193 seconds
Proof generation costs 0.333435 seconds
proof verifies
Proof verification costs 1.412291 seconds
Running...
Tag generation costs 213.126666 seconds
Proof generation costs 0.336560 seconds
proof verifies
Proof verification costs 1.415629 seconds
10
Running...
Tag generation costs 235.767748 seconds
Proof generation costs 0.333152 seconds
proof verifies
Proof verification costs 1.411634 seconds
Running...
Tag generation costs 235.922289 seconds
Proof generation costs 0.335847 seconds
proof verifies
Proof verification costs 1.415892 seconds
Running...
Tag generation costs 235.987312 seconds
Proof generation costs 0.332652 seconds
proof verifies
Proof verification costs 1.410668 seconds
Running...
Tag generation costs 236.587175 seconds
Proof generation costs 0.332072 seconds
proof verifies
Proof verification costs 1.422887 seconds
Running...
Tag generation costs 236.140938 seconds
Proof generation costs 0.332179 seconds
proof verifies
Proof verification costs 1.410416 seconds
Running...
Tag generation costs 237.244795 seconds
Proof generation costs 0.333482 seconds
proof verifies
Proof verification costs 1.419517 seconds
Running...
Tag generation costs 236.365372 seconds
Proof generation costs 0.331999 seconds
proof verifies
Proof verification costs 1.408816 seconds
Running...
Tag generation costs 235.668740 seconds
Proof generation costs 0.333804 seconds
proof verifies
Proof verification costs 1.414001 seconds
Running...
Tag generation costs 235.152552 seconds
Proof generation costs 0.332072 seconds
proof verifies
Proof verification costs 1.409109 seconds
Running...
Tag generation costs 236.286253 seconds
Proof generation costs 0.335825 seconds
proof verifies
Proof verification costs 1.416571 seconds
