100
Running...
2ac3c3a63790f618c9bb7391eb6376115731086ae9f7cc6efb3647e6d9
Tag generation costs 118.045569 seconds
Proof generation costs 0.112587 seconds
TPA signature verifies
proof verifies
Proof verification costs 0.562005 seconds
Running...
b0fb56292cc4727d52fc3113498ac8778822afdbc4937ba25d3da9a6387959
Tag generation costs 118.122296 seconds
Proof generation costs 0.110717 seconds
TPA signature verifies
proof verifies
Proof verification costs 0.560383 seconds
Running...
5b9cb59d76ed49fee2d11ad4e56450c8c5b115e13738834c395ebd06cd3aef
Tag generation costs 117.977989 seconds
Proof generation costs 0.111809 seconds
TPA signature verifies
proof verifies
Proof verification costs 0.565033 seconds
Running...
50232cf1d61479b58988ffe48228b8dc2d44e1b624a3cab73ef7264d5e3d5338
Tag generation costs 118.483246 seconds
Proof generation costs 0.111094 seconds
TPA signature verifies
proof verifies
Proof verification costs 0.563665 seconds
Running...
944c16dfed58d29c2474046aacb747b59f3ab511a3e3dcd7fa2482a1ba5e8
Tag generation costs 118.217637 seconds
Proof generation costs 0.112940 seconds
TPA signature verifies
proof verifies
Proof verification costs 0.561427 seconds
Running...
421dfd32821902421e9eaaad2cd42e85c5b645857ef44d96ef19a86669083
Tag generation costs 118.394337 seconds
Proof generation costs 0.110866 seconds
TPA signature verifies
proof verifies
Proof verification costs 0.566609 seconds
Running...
7e5441ed923b860af3b6d9c3286f51fa8f7f826d16246ff019338d309dc8f4
Tag generation costs 118.018508 seconds
Proof generation costs 0.110904 seconds
TPA signature verifies
proof verifies
Proof verification costs 0.562340 seconds
Running...
9c2aa489572aae798919445b652ddb245632a53b24f2a3f896ce9c745389f
Tag generation costs 118.647115 seconds
Proof generation costs 0.111733 seconds
TPA signature verifies
proof verifies
Proof verification costs 0.566541 seconds
Running...
12850e86fc19084e7de5d7439388bad96315119a8b865927d0cb5e0a62e5e
Tag generation costs 118.481211 seconds
Proof generation costs 0.111873 seconds
TPA signature verifies
proof verifies
Proof verification costs 0.566292 seconds
Running...
38df2bd49e2a252b77e5aef47fa1e31c26192133b49abb9f78841420a83c8472
Tag generation costs 118.678260 seconds
Proof generation costs 0.111656 seconds
TPA signature verifies
proof verifies
Proof verification costs 0.566301 seconds
200
Running...
ed9e2873fa9f9eb84263f2aa8e369266cd996df4a8cda3f992b03dd644c01c85
Tag generation costs 118.608118 seconds
Proof generation costs 0.223639 seconds
TPA signature verifies
proof verifies
Proof verification costs 1.126171 seconds
Running...
a099e23c4bddd09c2628d5303aeedc7d1c41fbb5fa4d9075b81ddd3b9789
Tag generation costs 118.848982 seconds
Proof generation costs 0.225251 seconds
TPA signature verifies
proof verifies
Proof verification costs 1.126563 seconds
Running...
585f3c54fe9da9ab4d591c7a1eed0cea7df6ad5c86f4a066efbfdafe2a8e44
Tag generation costs 118.369928 seconds
Proof generation costs 0.222201 seconds
TPA signature verifies
proof verifies
Proof verification costs 1.118318 seconds
Running...
e7ce1556f8e8c024226bc874fe7716cb15456bbe2a8106dd688d15e7c7af
Tag generation costs 117.612615 seconds
Proof generation costs 0.221678 seconds
TPA signature verifies
proof verifies
Proof verification costs 1.115813 seconds
Running...
122faf31054d5ba14f66fe9e79e4ab09763933ccac9e187777cff47bc6e0
Tag generation costs 117.234704 seconds
Proof generation costs 0.227029 seconds
TPA signature verifies
proof verifies
Proof verification costs 1.124261 seconds
Running...
cc3cd0cec1463e7cb5cf726b658fd199ff18bca14e1c561619f2d6cad7485e84
Tag generation costs 118.804631 seconds
Proof generation costs 0.223377 seconds
TPA signature verifies
proof verifies
Proof verification costs 1.121754 seconds
Running...
9337a91c9c22a49ad6c7de3181cd5cebd1689058f6824aa8f7e767783f0b41a
Tag generation costs 117.867070 seconds
Proof generation costs 0.221889 seconds
TPA signature verifies
proof verifies
Proof verification costs 1.116279 seconds
Running...
b58ddd2a7e72dcc391fffb19e646be1c9cd8662b1c5496d478f8b6b856cb1
Tag generation costs 118.147555 seconds
Proof generation costs 0.224120 seconds
TPA signature verifies
proof verifies
Proof verification costs 1.133518 seconds
Running...
c0abe1b26f51fbf82eac26806236c39d0a8c2d859e5365ba9ebd3e03982d797
Tag generation costs 118.155126 seconds
Proof generation costs 0.222257 seconds
TPA signature verifies
proof verifies
Proof verification costs 1.116412 seconds
Running...
3bb9a049ba8c7dcf824c53222fe36e378f1481bcc3061587b77ed68b4ffb996
Tag generation costs 117.415580 seconds
Proof generation costs 0.224310 seconds
TPA signature verifies
proof verifies
Proof verification costs 1.124308 seconds
300
Running...
3abad09a2f20ee2d96ebfd552f2c9a5546c23fb85a937e0dcd895ccf2881a
Tag generation costs 118.248407 seconds
Proof generation costs 0.337522 seconds
TPA signature verifies
proof verifies
Proof verification costs 1.672181 seconds
Running...
8e866caf76111faf81a8897646d512922858d892188719ee779ae9766d3976
Tag generation costs 118.622454 seconds
Proof generation costs 0.333864 seconds
TPA signature verifies
proof verifies
Proof verification costs 1.669244 seconds
Running...
7850cb669eaec2343e8ca6babf4e445ac13a21e946968d14ebbed5a741f62
Tag generation costs 118.573610 seconds
Proof generation costs 0.341947 seconds
TPA signature verifies
proof verifies
Proof verification costs 1.680892 seconds
Running...
34683e297f7a475f4b1fd3819bd968a7d83ac4de664ca0cc80069dcbc5a7e12
Tag generation costs 118.122342 seconds
Proof generation costs 0.332301 seconds
TPA signature verifies
proof verifies
Proof verification costs 1.670430 seconds
Running...
35b2c76bd79cf178a082c652a3bca596da9f36a226a44f9abb11b90f672a5
Tag generation costs 118.114137 seconds
Proof generation costs 0.332822 seconds
TPA signature verifies
proof verifies
Proof verification costs 1.673188 seconds
Running...
d436749f986aee684eb328be36589b3cdf6e78361c42b9b7dc93c43afb410
Tag generation costs 118.302274 seconds
Proof generation costs 0.333176 seconds
TPA signature verifies
proof verifies
Proof verification costs 1.672285 seconds
Running...
835ba718adc24c7848cc7bbe8053835513baccff772b62f1ea8ad647ba3cacd
Tag generation costs 118.235901 seconds
Proof generation costs 0.334756 seconds
TPA signature verifies
proof verifies
Proof verification costs 1.683825 seconds
Running...
94f1dcd3dea51fa9d5168b80db1488854c2f7739f3b94745549e845c2d06289
Tag generation costs 118.630376 seconds
Proof generation costs 0.334491 seconds
TPA signature verifies
proof verifies
Proof verification costs 1.683831 seconds
Running...
e0f4ce72d6337bf6115f8adde4e235f4e586951a44c01728a18331279a5943
Tag generation costs 118.476197 seconds
Proof generation costs 0.333227 seconds
TPA signature verifies
proof verifies
Proof verification costs 1.671550 seconds
Running...
b0af5d9b67abb5ec42809fb2f833342df1543db5fc09fe8278be11b52cc229
Tag generation costs 117.975839 seconds
Proof generation costs 0.334665 seconds
TPA signature verifies
proof verifies
Proof verification costs 1.671413 seconds
400
Running...
dedca24ba8086ffb6099b3744a9a26ad840be1c5aa95b4c1193f76e86b
Tag generation costs 118.319320 seconds
Proof generation costs 0.445779 seconds
TPA signature verifies
proof verifies
Proof verification costs 2.226078 seconds
Running...
1eb31cc82e3c7abcf9f3e4af5f203be27de499c1eaab4d315b18547b4160f968
Tag generation costs 118.302974 seconds
Proof generation costs 0.444236 seconds
TPA signature verifies
proof verifies
Proof verification costs 2.233149 seconds
Running...
2e5acaf2357151d75cdd42fc7867d8fe5a2b808a16bdc47cce9257a7afb2f
Tag generation costs 118.524723 seconds
Proof generation costs 0.445715 seconds
TPA signature verifies
proof verifies
Proof verification costs 2.226643 seconds
Running...
f571c1ba7d6b9affe87425383a5ea4be22ab5e68472f9a2a6ce83deff4bafc
Tag generation costs 117.867278 seconds
Proof generation costs 0.446370 seconds
TPA signature verifies
proof verifies
Proof verification costs 2.226195 seconds
Running...
a9e46e43b7a2d8d05fc77d32d82ddf6ca473322bc795ae2e53fc38984fd68f4
Tag generation costs 117.871116 seconds
Proof generation costs 0.446307 seconds
TPA signature verifies
proof verifies
Proof verification costs 2.228537 seconds
Running...
92f73e558804542c29f5bdb65987299268625d7f4a6c3a15031219b3a5a1bc3
Tag generation costs 117.933495 seconds
Proof generation costs 0.447095 seconds
TPA signature verifies
proof verifies
Proof verification costs 2.235563 seconds
Running...
7bc4844ec9f8dbadc671793f94b14b85640c6f914915616bac42618e77d62dd
Tag generation costs 118.910544 seconds
Proof generation costs 0.448529 seconds
TPA signature verifies
proof verifies
Proof verification costs 2.245981 seconds
Running...
397ca1656cc9968c4a5f51019e8164269916276e3ac68e772eea27942baf9b4
Tag generation costs 118.318133 seconds
Proof generation costs 0.448600 seconds
TPA signature verifies
proof verifies
Proof verification costs 2.223035 seconds
Running...
609f88187eddc19d95d1cdc9821b6ab8166df3a7886743edb62b06623de4e80
Tag generation costs 118.037250 seconds
Proof generation costs 0.444984 seconds
TPA signature verifies
proof verifies
Proof verification costs 2.229903 seconds
Running...
dfa7e1804e10c01984ab7c1c16bf4eb9fc1cc3647a78e26b0985290b485ea8
Tag generation costs 118.605945 seconds
Proof generation costs 0.444481 seconds
TPA signature verifies
proof verifies
Proof verification costs 2.221456 seconds
500
Running...
39fe4c76f17351d839dd781048579dcf6db4b7d9cb31215735d6486d9d9394b1
Tag generation costs 118.676497 seconds
Proof generation costs 0.556845 seconds
TPA signature verifies
proof verifies
Proof verification costs 2.787656 seconds
Running...
b26645a2197772646966bc924b3c3f569a88617d96e0baeec61b78bca2b98611
Tag generation costs 119.542758 seconds
Proof generation costs 0.566093 seconds
TPA signature verifies
proof verifies
Proof verification costs 2.815587 seconds
Running...
4de655ed36da5cd923cd9c4b49499fbd558adbd24ceb825c4a5e7387b2edda
Tag generation costs 117.849575 seconds
Proof generation costs 0.556097 seconds
TPA signature verifies
proof verifies
Proof verification costs 2.777012 seconds
Running...
3c5ec8fb9470bfa1ea096dfd61a89bba44d675dc8664c80cd50cfd42345948e
Tag generation costs 117.639063 seconds
Proof generation costs 0.556407 seconds
TPA signature verifies
proof verifies
Proof verification costs 2.780683 seconds
Running...
10a423dca417e2b243a955e2e62c682c2b95cb9ba3af2605ef696432c512d
Tag generation costs 118.125026 seconds
Proof generation costs 0.556147 seconds
TPA signature verifies
proof verifies
Proof verification costs 2.780596 seconds
Running...
29314c3879d8f6f77d05f65d4b6e2dd4d15f92df1f7d7eba133dfe739625791
Tag generation costs 118.231552 seconds
Proof generation costs 0.555471 seconds
TPA signature verifies
proof verifies
Proof verification costs 2.781508 seconds
Running...
25d047806f8a42beb623a74c60e6dadf17a41dd5e326c3e1426104a179dde
Tag generation costs 118.379292 seconds
Proof generation costs 0.558250 seconds
TPA signature verifies
proof verifies
Proof verification costs 2.802541 seconds
Running...
201a996cc320a39bcdeb8c2fa524b445205d7e421a4a7ea1f2f3d148ebc4b
Tag generation costs 117.950524 seconds
Proof generation costs 0.554621 seconds
TPA signature verifies
proof verifies
Proof verification costs 2.797755 seconds
Running...
1ce214d55b7fdc227774bacf9295541f4e14e2ab6b1f2bb646fecb3854aab7
Tag generation costs 119.536852 seconds
Proof generation costs 0.565938 seconds
TPA signature verifies
proof verifies
Proof verification costs 2.822119 seconds
Running...
a7689b95fbef83662024fb2e65e123fcd68ae4916396d611485b6e2807a2ab7
Tag generation costs 117.906974 seconds
Proof generation costs 0.559766 seconds
TPA signature verifies
proof verifies
Proof verification costs 2.805418 seconds
600
Running...
9f3fb075de83e387c214749275fd0ded39e53a63b35a1780e042fd39b6c2c
Tag generation costs 118.264247 seconds
Proof generation costs 0.666344 seconds
TPA signature verifies
proof verifies
Proof verification costs 3.345010 seconds
Running...
91a78cc58175518c9960a021faa1e7b42c168dd210c3eda92e7afed829af231
Tag generation costs 118.257603 seconds
Proof generation costs 0.665971 seconds
TPA signature verifies
proof verifies
Proof verification costs 3.341976 seconds
Running...
ee26becb87ae80589332a23626bbecaf5a5aa36130f6ea34c86590bccb95b64b
Tag generation costs 118.827552 seconds
Proof generation costs 0.668556 seconds
TPA signature verifies
proof verifies
Proof verification costs 3.344105 seconds
Running...
9aae9ec61178cb55571898704e4c9a8f4ed5e260a5732c554b040cc1b5865
Tag generation costs 117.838697 seconds
Proof generation costs 0.665865 seconds
TPA signature verifies
proof verifies
Proof verification costs 3.340463 seconds
Running...
54b18482cd4553e6d35ac81abe79b3161126e0908c176787212d8fab4a8df
Tag generation costs 118.587445 seconds
Proof generation costs 0.665578 seconds
TPA signature verifies
proof verifies
Proof verification costs 3.334393 seconds
Running...
abe529bc844bc9ace3b8e2fc59997314b3d69d14d1a9e4c9e199b7a03de372f9
Tag generation costs 118.853292 seconds
Proof generation costs 0.671490 seconds
TPA signature verifies
proof verifies
Proof verification costs 3.337613 seconds
Running...
9350279157773fabd939e596e06218633bfa61a9c7ca43a993c7fcca388f93d
Tag generation costs 118.443778 seconds
Proof generation costs 0.667258 seconds
TPA signature verifies
proof verifies
Proof verification costs 3.342495 seconds
Running...
2af7b86bcc51f6e1777c7c8fae35cb119931d0e037fb544958dc68756bc167
Tag generation costs 118.609352 seconds
Proof generation costs 0.665573 seconds
TPA signature verifies
proof verifies
Proof verification costs 3.360876 seconds
Running...
3d9a23755352a7965039cc2a76f1e7893afbea597d16479a64826c5283e142
Tag generation costs 118.503020 seconds
Proof generation costs 0.668707 seconds
TPA signature verifies
proof verifies
Proof verification costs 3.343507 seconds
Running...
f4e2b0cd255838d7e429ee9d37685cb696f3413776de63e526949add11fad8
Tag generation costs 117.999168 seconds
Proof generation costs 0.665242 seconds
TPA signature verifies
proof verifies
Proof verification costs 3.354797 seconds
700
Running...
34bd6eba9646b7a7583ba5ba30cd62579eb850348bd1b117d224d6dd3e7ca7
Tag generation costs 118.424180 seconds
Proof generation costs 0.775999 seconds
TPA signature verifies
proof verifies
Proof verification costs 3.893817 seconds
Running...
80c2a1e6ce489abad281af8a35570dabfed1bbfb89fe9d6161132784282ac8
Tag generation costs 118.205650 seconds
Proof generation costs 0.776539 seconds
TPA signature verifies
proof verifies
Proof verification costs 3.884194 seconds
Running...
4d7be224555a11bb35721e3845d9aee32ccbe80c1d5318f4ac53c138f7cd0d3
Tag generation costs 118.630617 seconds
Proof generation costs 0.779253 seconds
TPA signature verifies
proof verifies
Proof verification costs 3.896138 seconds
Running...
8a996bed97a6f11e13bf4c5be5f59cee9e354cb3ed6a479d7a94f6b0c11e83
Tag generation costs 118.103469 seconds
Proof generation costs 0.783445 seconds
TPA signature verifies
proof verifies
Proof verification costs 3.921056 seconds
Running...
12e6da9d9f8a4dd819e4d3f2bd1c155428b8638438dcabedec322c169aef6c0
Tag generation costs 118.774880 seconds
Proof generation costs 0.778478 seconds
TPA signature verifies
proof verifies
Proof verification costs 3.896916 seconds
Running...
32b5faca6abe2835722f959bab9a815fda9fc91bb22e1f4ed490ffa2905ac2e1
Tag generation costs 118.539584 seconds
Proof generation costs 0.781513 seconds
TPA signature verifies
proof verifies
Proof verification costs 3.902495 seconds
Running...
d90be133b535187ac45a103e8b5b6b95fd60a8e74062145f355ff1b825bb
Tag generation costs 118.319535 seconds
Proof generation costs 0.779056 seconds
TPA signature verifies
proof verifies
Proof verification costs 3.897608 seconds
Running...
e729158ee09d71f12f6ac5e0649b703e6efdc797d3642c856171fe7541de
Tag generation costs 118.387790 seconds
Proof generation costs 0.778844 seconds
TPA signature verifies
proof verifies
Proof verification costs 3.896522 seconds
Running...
1fdb79909cde341218621d61c32ac424714af73e4e6291f613c6b9ea5cbeb28
Tag generation costs 118.394766 seconds
Proof generation costs 0.776967 seconds
TPA signature verifies
proof verifies
Proof verification costs 3.886594 seconds
Running...
3a7a88a1dbc1459643eff7cf969ac93d7144d4366b1d30cf5049de0d152a
Tag generation costs 118.380153 seconds
Proof generation costs 0.792165 seconds
TPA signature verifies
proof verifies
Proof verification costs 3.886573 seconds
800
Running...
97333513cad0e155cc095c3a5fb78616f4325c7be923fcf81399798831e9bc
Tag generation costs 117.939815 seconds
Proof generation costs 0.890261 seconds
TPA signature verifies
proof verifies
Proof verification costs 4.443550 seconds
Running...
5467d816c7831acc4a28ea04d3fbc9bbeeabd9bbe7c9aa8a223ee35a797a1f2
Tag generation costs 118.734858 seconds
Proof generation costs 0.887702 seconds
TPA signature verifies
proof verifies
Proof verification costs 4.446265 seconds
Running...
4c9f8ca2a962f6a9ed22c69f2d51f6087c3c5a9448b555cfb59612e04ded72
Tag generation costs 118.133106 seconds
Proof generation costs 0.889369 seconds
TPA signature verifies
proof verifies
Proof verification costs 4.443742 seconds
Running...
fb89c356234b5b6c5aaa1c7b4374532c7039e52a1e351b30d879748fa1bf1787
Tag generation costs 117.477496 seconds
Proof generation costs 0.888190 seconds
TPA signature verifies
proof verifies
Proof verification costs 4.446683 seconds
Running...
18d74959101c8719b4a3739a774953cdb5d178f45996a1661979abfedfb75a
Tag generation costs 117.435476 seconds
Proof generation costs 0.893040 seconds
TPA signature verifies
proof verifies
Proof verification costs 4.448300 seconds
Running...
6cb866cffe86c2cac4b75a2379097ea158950aa955ef42d3eb3ec9fd51892
Tag generation costs 118.724974 seconds
Proof generation costs 0.893294 seconds
TPA signature verifies
proof verifies
Proof verification costs 4.473018 seconds
Running...
a658f1ae4b2e5757d668ac75bb6e47a7c55b3cfd41232b20e1375ebce8a5f
Tag generation costs 117.715707 seconds
Proof generation costs 0.897112 seconds
TPA signature verifies
proof verifies
Proof verification costs 4.492914 seconds
Running...
52a75459f38e903513f35a3eeb25d493791eaee0c288b981294256c6a39a46f
Tag generation costs 118.506720 seconds
Proof generation costs 0.888708 seconds
TPA signature verifies
proof verifies
Proof verification costs 4.467190 seconds
Running...
7d1e91f473ff54bb229f87c9d9b24109edfa1c3f729149f90b8d2ae992f68a4
Tag generation costs 118.362149 seconds
Proof generation costs 0.887820 seconds
TPA signature verifies
proof verifies
Proof verification costs 4.444596 seconds
Running...
89fe7bc3f0d9eb551c7a23c59c320c1d0717bf3805e43d441d176e0c6b089ae
Tag generation costs 118.210956 seconds
Proof generation costs 0.888997 seconds
TPA signature verifies
proof verifies
Proof verification costs 4.449135 seconds
900
Running...
98cbc046378cb3c922ac9c8e5ddbf133fc3a23e16db5e2f9643c6aa07cf27
Tag generation costs 118.076928 seconds
Proof generation costs 0.999551 seconds
TPA signature verifies
proof verifies
Proof verification costs 4.997552 seconds
Running...
cd75d97d5f4fb6de72b4828d2f99c5301ca365f9559b4bf6caefc3f0d61d1d68
Tag generation costs 118.434335 seconds
Proof generation costs 1.005159 seconds
TPA signature verifies
proof verifies
Proof verification costs 5.024476 seconds
Running...
f5da2ced8895f39c62a21ca132b22b1296f12b2cc4de78ab0c27cb25c
Tag generation costs 118.603607 seconds
Proof generation costs 0.999390 seconds
TPA signature verifies
proof verifies
Proof verification costs 5.003754 seconds
Running...
9cbb767a9cb097f188ad9f3136c77c5ee1cb3fbbc85f8f6c247ef1b1fd586
Tag generation costs 118.277716 seconds
Proof generation costs 1.001883 seconds
TPA signature verifies
proof verifies
Proof verification costs 5.007777 seconds
Running...
5af7e18b892c8499ce74812ec7925fb71137c0c7de3f1fccd68fad586e16e
Tag generation costs 118.240775 seconds
Proof generation costs 0.999953 seconds
TPA signature verifies
proof verifies
Proof verification costs 5.000420 seconds
Running...
d4121e7871cd4cbbacadb91345ffba7d93ac367e8df4086aece8564a9e0e
Tag generation costs 118.464026 seconds
Proof generation costs 1.008692 seconds
TPA signature verifies
proof verifies
Proof verification costs 5.000209 seconds
Running...
de50f6317036dfea23fdee64adcad25e3b3597f4ef4293a16ec3ba05645606f
Tag generation costs 118.371674 seconds
Proof generation costs 1.002958 seconds
TPA signature verifies
proof verifies
Proof verification costs 5.028593 seconds
Running...
12744e2786222eb511af106c5916e9de76b8bacf48326bd3ddfb9fc842412941
Tag generation costs 117.801181 seconds
Proof generation costs 0.999418 seconds
TPA signature verifies
proof verifies
Proof verification costs 5.026794 seconds
Running...
f6b1da8ead427ee2b9829e08e29699a8928ec2454df3059758a4b9b19f924c1
Tag generation costs 118.249143 seconds
Proof generation costs 1.002049 seconds
TPA signature verifies
proof verifies
Proof verification costs 5.013568 seconds
Running...
79e01ca2cf1712b5c5acd2ec429eaa7ebdfecc17dab28a7a1ac7257cd8ec
Tag generation costs 118.526844 seconds
Proof generation costs 1.006725 seconds
TPA signature verifies
proof verifies
Proof verification costs 5.013580 seconds
1000
Running...
1a5460e71fdb28abf07c712cb2abdb42393c198f6f9fb1adeec3879d061f932
Tag generation costs 118.245577 seconds
Proof generation costs 1.116552 seconds
TPA signature verifies
proof verifies
Proof verification costs 5.559922 seconds
Running...
adf450779aa6c7a2e8b2d829bc41f24ae56b034e89b7a215bb1c9dc65a5bd40
Tag generation costs 118.447723 seconds
Proof generation costs 1.110794 seconds
TPA signature verifies
proof verifies
Proof verification costs 5.548518 seconds
Running...
32bd4a745e3037eca2591b6257b5baf1fdf853a3f5eafb39abaeb6dd9cdd242
Tag generation costs 118.457953 seconds
Proof generation costs 1.112445 seconds
TPA signature verifies
proof verifies
Proof verification costs 5.562473 seconds
Running...
ee28827eb8497ee729ff4a4f216ad772a84fb8195a2286deffb2e11f7fb4d9
Tag generation costs 118.182152 seconds
Proof generation costs 1.112356 seconds
TPA signature verifies
proof verifies
Proof verification costs 5.557388 seconds
Running...
5a43349275bf623a6befc779381bb1b1cfd878423e81a8bcd8fb9530bcce119
Tag generation costs 118.134615 seconds
Proof generation costs 1.114205 seconds
TPA signature verifies
proof verifies
Proof verification costs 5.550897 seconds
Running...
3928885f14fd65c57e5b2aea5bf8214b68dd36223c87e74fa148de51cba86c
Tag generation costs 120.160257 seconds
Proof generation costs 1.121707 seconds
TPA signature verifies
proof verifies
Proof verification costs 5.592953 seconds
Running...
fc1cadf85b9918945b8f38c221989a256da53bb725f7c48d9c3123e7ba7a7882
Tag generation costs 119.022645 seconds
Proof generation costs 1.111397 seconds
TPA signature verifies
proof verifies
Proof verification costs 5.556302 seconds
Running...
dcafde80889c7bbe4053a25ad112f710de9cb2aecd74d5861dcf1def36cb5946
Tag generation costs 118.521242 seconds
Proof generation costs 1.111394 seconds
TPA signature verifies
proof verifies
Proof verification costs 5.559265 seconds
Running...
87d6ad3496de8ee5e07ba94e64db98da35754708fbbeddab855487053d5fe75
Tag generation costs 118.889333 seconds
Proof generation costs 1.153768 seconds
TPA signature verifies
proof verifies
Proof verification costs 5.670046 seconds
Running...
d847f995a810b8a69ccff7fe1987ecb59fc3f476de7343dd9567954fbbba5a7
Tag generation costs 118.436654 seconds
Proof generation costs 1.114590 seconds
TPA signature verifies
proof verifies
Proof verification costs 5.567766 seconds
