1
Running...
f0f3c6444b11e25e87bea90f017addd73ce717dc164b21d354698686a92f2d0
Tag generation costs 23.525867 seconds
Proof generation costs 0.331358 seconds
TPA signature verifies
proof verifies
Proof verification costs 0.341185 seconds
Running...
c91afa2bc3ffe57f123d3a928b2449a8930d11d5e96f3f9e36b52cb29db7c97
Tag generation costs 23.773790 seconds
Proof generation costs 0.332356 seconds
TPA signature verifies
proof verifies
Proof verification costs 0.339209 seconds
Running...
9ee46ebcfcd3e3bf9dd23844e4bc19dea973b6ed51c14fecce52896d3fc58d
Tag generation costs 23.689347 seconds
Proof generation costs 0.333004 seconds
TPA signature verifies
proof verifies
Proof verification costs 0.341286 seconds
Running...
28a7c2cf4f20183c391672581a47d13eb89e3688ce9b79b3ec9deeea258f3ca
Tag generation costs 23.605946 seconds
Proof generation costs 0.331816 seconds
TPA signature verifies
proof verifies
Proof verification costs 0.342225 seconds
Running...
d985e622fde5e5e8534ed2b9886a5b7470ea66f92fadfa6e24a1b57528688
Tag generation costs 23.607926 seconds
Proof generation costs 0.332347 seconds
TPA signature verifies
proof verifies
Proof verification costs 0.341082 seconds
Running...
e1eed64922d20512480dc954b6d3da186187c8739e07e8712436a4587b2b37
Tag generation costs 23.575628 seconds
Proof generation costs 0.333324 seconds
TPA signature verifies
proof verifies
Proof verification costs 0.339812 seconds
Running...
36424af4e162a5d1ff44daed30702bb258b0d4d3b2372df6d249f0b159a4ab9
Tag generation costs 23.571510 seconds
Proof generation costs 0.331479 seconds
TPA signature verifies
proof verifies
Proof verification costs 0.339196 seconds
Running...
692078cbdf8e15ad43a229c9550ba3b581bf87ac3c3c93a6dfb2cd34fcaacf
Tag generation costs 23.409016 seconds
Proof generation costs 0.332551 seconds
TPA signature verifies
proof verifies
Proof verification costs 0.339045 seconds
Running...
9b3f9797714ad091a859c35afdd858b3718248eb325651963fc78b51372bfc5
Tag generation costs 23.638652 seconds
Proof generation costs 0.332822 seconds
TPA signature verifies
proof verifies
Proof verification costs 0.340652 seconds
Running...
3e708496d5aea8c0b52db52dce906fbafdc2994258dbb0cb21417ec072121fc
Tag generation costs 23.518643 seconds
Proof generation costs 0.331934 seconds
TPA signature verifies
proof verifies
Proof verification costs 0.339437 seconds
2
Running...
2d7e1f3525c12c6eb679ea9eed693913128e3fdf45812062e1a6fa2db8a013
Tag generation costs 47.265046 seconds
Proof generation costs 0.331991 seconds
TPA signature verifies
proof verifies
Proof verification costs 0.674300 seconds
Running...
f6e791e52bccccd1b42767c326b9e279eda01c9ed8549ac5765fe229caa2
Tag generation costs 47.044348 seconds
Proof generation costs 0.331782 seconds
TPA signature verifies
proof verifies
Proof verification costs 0.678233 seconds
Running...
54280e0a731802b12c685aadff213678d38ff5adbf32ef76ff579202ca9467c
Tag generation costs 47.079712 seconds
Proof generation costs 0.331857 seconds
TPA signature verifies
proof verifies
Proof verification costs 0.670748 seconds
Running...
8b338f5ed0cfc794a69418c85ba79c34bad9e864234474dc6063abb3df606486
Tag generation costs 47.221145 seconds
Proof generation costs 0.331601 seconds
TPA signature verifies
proof verifies
Proof verification costs 0.669489 seconds
Running...
88ba289ca38849a9fa9f7684bd97d26a5ff9a61d48ec5393ee7731e851be35e
Tag generation costs 47.023058 seconds
Proof generation costs 0.339733 seconds
TPA signature verifies
proof verifies
Proof verification costs 0.670864 seconds
Running...
fa646d5b956033682871f6f0ee7ace20467d6ff31ee1794bea81a088152c3db8
Tag generation costs 47.242888 seconds
Proof generation costs 0.333507 seconds
TPA signature verifies
proof verifies
Proof verification costs 0.674304 seconds
Running...
ca95517cadb6718f3a50e2d1db4e71dcee14ec8e9c54e5f210b02f67be777c
Tag generation costs 46.999481 seconds
Proof generation costs 0.331400 seconds
TPA signature verifies
proof verifies
Proof verification costs 0.670131 seconds
Running...
83b144df1e8a2b9d6e2e33e4a6956a196647f36f56ab10236dccb70c592e3
Tag generation costs 47.037179 seconds
Proof generation costs 0.333144 seconds
TPA signature verifies
proof verifies
Proof verification costs 0.673858 seconds
Running...
75cbf46ea1d3ad2eede4d9431cce2ecdb3c59443163fb6e0b218b7ea30e76ee6
Tag generation costs 47.128989 seconds
Proof generation costs 0.331402 seconds
TPA signature verifies
proof verifies
Proof verification costs 0.671452 seconds
Running...
76ce5fd6806f158d8c37a9e5f8e2133865df7a4bdc4289169a72591a31582f
Tag generation costs 47.029573 seconds
Proof generation costs 0.331687 seconds
TPA signature verifies
proof verifies
Proof verification costs 0.671068 seconds
3
Running...
8aaba75212822c8ade183addb9a83be7bfc1fef9613ea29910d3514492a3bc39
Tag generation costs 70.874110 seconds
Proof generation costs 0.332653 seconds
TPA signature verifies
proof verifies
Proof verification costs 1.002831 seconds
Running...
eaeb18e669c15b793cb3e94496bc6e8a7f5cece4d54e3456bfb4f542324fa87
Tag generation costs 70.654579 seconds
Proof generation costs 0.334233 seconds
TPA signature verifies
proof verifies
Proof verification costs 1.009029 seconds
Running...
cf72737ea4633729a8f4c793a1a2f4ae03a5c6a196b3bb85fcee2103b935fee
Tag generation costs 70.559561 seconds
Proof generation costs 0.331772 seconds
TPA signature verifies
proof verifies
Proof verification costs 1.000942 seconds
Running...
e4fbed60b43d33b241ddd8a29287eaba6a1d6f14558e6ddec4f75cd0ef5f
Tag generation costs 70.463543 seconds
Proof generation costs 0.331489 seconds
TPA signature verifies
proof verifies
Proof verification costs 1.002220 seconds
Running...
da168a29f44c5212d9eaaeb78e900d17e741bfb726e54b63d1a14bdfde257
Tag generation costs 70.485092 seconds
Proof generation costs 0.331726 seconds
TPA signature verifies
proof verifies
Proof verification costs 1.002286 seconds
Running...
ff34b5c5f619446bffb3c2d2fce96a38e194cbfbca477141426d28bc558a482
Tag generation costs 70.702347 seconds
Proof generation costs 0.331362 seconds
TPA signature verifies
proof verifies
Proof verification costs 1.001252 seconds
Running...
2656e8b6fa28d799474475ebf25fd57bc2667dd3ac5db6b994691d416338fa
Tag generation costs 70.730881 seconds
Proof generation costs 0.331999 seconds
TPA signature verifies
proof verifies
Proof verification costs 1.002064 seconds
Running...
49cde842ba0ce4025fb72f26138d1923299beda672c41bfac78b36ab7a5b74
Tag generation costs 71.039267 seconds
Proof generation costs 0.331984 seconds
TPA signature verifies
proof verifies
Proof verification costs 1.003415 seconds
Running...
6bfe863a69d7371710465d46ae2e458be9d0cfa34298b265d638dd9ab86d4e
Tag generation costs 70.748319 seconds
Proof generation costs 0.331767 seconds
TPA signature verifies
proof verifies
Proof verification costs 1.001778 seconds
Running...
bffafc8d4514d6a9effd68718809effea847c93883a3b988baeb3fe11d54bd
Tag generation costs 70.653532 seconds
Proof generation costs 0.332006 seconds
TPA signature verifies
proof verifies
Proof verification costs 1.003291 seconds
4
Running...
eb5811ad3244d3af247de7d886565de1f5e4a9f2f88a67dbe9736705dba3db1
Tag generation costs 94.098409 seconds
Proof generation costs 0.332224 seconds
TPA signature verifies
proof verifies
Proof verification costs 1.334228 seconds
Running...
4c2fe722ae750b55885d84a4acbbf7fdf8fc618197129aa9ec8aaa3833db
Tag generation costs 93.813976 seconds
Proof generation costs 0.334976 seconds
TPA signature verifies
proof verifies
Proof verification costs 1.349127 seconds
Running...
c1676e46b636d36c9d18c55b9efd5714a2bd117bf23665953bb1b8f4f6d88
Tag generation costs 94.071845 seconds
Proof generation costs 0.332389 seconds
TPA signature verifies
proof verifies
Proof verification costs 1.334573 seconds
Running...
c095ae714a35959d8bdd1b8fa5562b7fc996ffc6775643fef30fed3fc6cc6f
Tag generation costs 94.197639 seconds
Proof generation costs 0.332235 seconds
TPA signature verifies
proof verifies
Proof verification costs 1.332267 seconds
Running...
8cbc75bd652225a234c5ee7dbe14c4d93a584b74bb281c14c89427a950a7ee
Tag generation costs 94.139579 seconds
Proof generation costs 0.331585 seconds
TPA signature verifies
proof verifies
Proof verification costs 1.332751 seconds
Running...
86935238bbfedfba2fe122d01bbe2ad7a7e4f9fd69b31d6df3c128b924fe0b3
Tag generation costs 94.234819 seconds
Proof generation costs 0.332400 seconds
TPA signature verifies
proof verifies
Proof verification costs 1.335995 seconds
Running...
46c38a22c0dca1e9e9393961b1e78015f555925b6fbbbe47518d7ac048b525
Tag generation costs 93.999001 seconds
Proof generation costs 0.332604 seconds
TPA signature verifies
proof verifies
Proof verification costs 1.335812 seconds
Running...
d2b3d160fa236fe6206410b0c289472f5548ebc114c49b5a677a823c6fb7f36
Tag generation costs 93.982319 seconds
Proof generation costs 0.331578 seconds
TPA signature verifies
proof verifies
Proof verification costs 1.333494 seconds
Running...
c117cb9264e2eee34ac647260be4c51f82d76986b955ca722cf4ac2107c7b
Tag generation costs 94.289325 seconds
Proof generation costs 0.332153 seconds
TPA signature verifies
proof verifies
Proof verification costs 1.334447 seconds
Running...
3a9ca9abe094fc384e872ffe4eeba71d6947b93c5691f2e9349de17996815912
Tag generation costs 93.891255 seconds
Proof generation costs 0.333549 seconds
TPA signature verifies
proof verifies
Proof verification costs 1.341414 seconds
5
Running...
7a4cb4b13af23fcf34d5761ffdee9d2d1a11fe57ce4024455e8f1927a9cb10
Tag generation costs 117.997105 seconds
Proof generation costs 0.331681 seconds
TPA signature verifies
proof verifies
Proof verification costs 1.665363 seconds
Running...
2e8966164e89889f8795cbfa12fffaf7c9bb8e3bd4e9d91136248b27b56fce
Tag generation costs 117.485361 seconds
Proof generation costs 0.332326 seconds
TPA signature verifies
proof verifies
Proof verification costs 1.663058 seconds
Running...
8119303df86a3120ffc65e855bd91eacc13993b984e6c8ccbf67464dc792945
Tag generation costs 117.425415 seconds
Proof generation costs 0.331836 seconds
TPA signature verifies
proof verifies
Proof verification costs 1.664422 seconds
Running...
c66332836992c1d98259e7ae848f20d366f6bc14275ed891676d1bde58276b
Tag generation costs 117.016077 seconds
Proof generation costs 0.331706 seconds
TPA signature verifies
proof verifies
Proof verification costs 1.663851 seconds
Running...
ebc7d7d515c066b8b68ca5ce51dc678d23ec94ccd59a101c21a65eeb365957
Tag generation costs 117.669312 seconds
Proof generation costs 0.333072 seconds
TPA signature verifies
proof verifies
Proof verification costs 1.663094 seconds
Running...
3af4a2b8efca887eee925d38b5bef374d1ca315bf9dd54729a1ccbde8bf5c33
Tag generation costs 118.414799 seconds
Proof generation costs 0.333062 seconds
TPA signature verifies
proof verifies
Proof verification costs 1.668720 seconds
Running...
f028fbbdb3c857ee24b5789356c57e441de84c0fae2b1142422b8a075e9b28c
Tag generation costs 116.825874 seconds
Proof generation costs 0.332001 seconds
TPA signature verifies
proof verifies
Proof verification costs 1.663695 seconds
Running...
f4f325a3119d127cb9e1538d314dfb043366a741aac325165f42292fac10
Tag generation costs 118.138375 seconds
Proof generation costs 0.332149 seconds
TPA signature verifies
proof verifies
Proof verification costs 1.666513 seconds
Running...
1f3522abcc45ec98eed323e88e7aa6a2c5c8bd2de3af98eb5c8dcf46f0b650
Tag generation costs 117.817715 seconds
Proof generation costs 0.331715 seconds
TPA signature verifies
proof verifies
Proof verification costs 1.665305 seconds
Running...
6b33e22cf252339c341d8a6cf115854ed154766eac084328f82415cf6b96b
Tag generation costs 117.748724 seconds
Proof generation costs 0.332330 seconds
TPA signature verifies
proof verifies
Proof verification costs 1.665670 seconds
6
Running...
89136670bddc6a93668fbb332f7079594d9937dc2e69e31040cd13fe6fcec078
Tag generation costs 141.312381 seconds
Proof generation costs 0.331408 seconds
TPA signature verifies
proof verifies
Proof verification costs 1.994198 seconds
Running...
7f75adc6e766f3d3befcde71a306cd67aac1db241e66cc663f251564c7c3ca
Tag generation costs 141.300094 seconds
Proof generation costs 0.332564 seconds
TPA signature verifies
proof verifies
Proof verification costs 1.997724 seconds
Running...
b215566c208d57bd6225f193d3e753e4c3394ba8e487c2edb4c52edd5eaea
Tag generation costs 139.882359 seconds
Proof generation costs 0.332342 seconds
TPA signature verifies
proof verifies
Proof verification costs 1.996534 seconds
Running...
1a6b9be0f74bf86bf987a10665f19dbcae494027e82862ebc85520a7ae3bd
Tag generation costs 141.121422 seconds
Proof generation costs 0.332019 seconds
TPA signature verifies
proof verifies
Proof verification costs 1.996690 seconds
Running...
a0f74222f669a14a8b3ad3bea6557b3c9ed97f65a6247710caa078c7c9f04c6f
Tag generation costs 141.172979 seconds
Proof generation costs 0.331798 seconds
TPA signature verifies
proof verifies
Proof verification costs 1.995845 seconds
Running...
e451503185d8496edb6c24cbf39a5ab9b225d99cc0c23bd9a06de148c5b4cec4
Tag generation costs 139.121597 seconds
Proof generation costs 0.332049 seconds
TPA signature verifies
proof verifies
Proof verification costs 1.994758 seconds
Running...
e94f9c1534fd525a51d5742ed4a52659c5318c6c13a78fa397bfb3b33040617a
Tag generation costs 140.896813 seconds
Proof generation costs 0.331787 seconds
TPA signature verifies
proof verifies
Proof verification costs 1.993909 seconds
Running...
541413f1af86ef461258837145c2af841abd2f261f8e820687452ba0f9c559
Tag generation costs 140.575729 seconds
Proof generation costs 0.332060 seconds
TPA signature verifies
proof verifies
Proof verification costs 1.996342 seconds
Running...
cecab03f531130271a8da9fb886234af1425425e45448ba4b05ebebe94bf194
Tag generation costs 141.201873 seconds
Proof generation costs 0.331447 seconds
TPA signature verifies
proof verifies
Proof verification costs 1.994282 seconds
Running...
1381667410d9e8b8ee9d78714544c1b3567d68fac25edcfe0409372cd6a96e3
Tag generation costs 141.845453 seconds
Proof generation costs 0.332519 seconds
TPA signature verifies
proof verifies
Proof verification costs 1.999969 seconds
7
Running...
a1363784f2baf7557d3b32109df5698cc46f7259a7ecfd8289c26f38ec2ac6b6
Tag generation costs 164.805540 seconds
Proof generation costs 0.332075 seconds
TPA signature verifies
proof verifies
Proof verification costs 2.327805 seconds
Running...
136095e3b8dd4c6923e148f82c5c9270bdcada123c37b9ecbe066f3a68bc9c7
Tag generation costs 165.309427 seconds
Proof generation costs 0.331668 seconds
TPA signature verifies
proof verifies
Proof verification costs 2.326500 seconds
Running...
b621aa50856ef24443c65654203abcff52e62cc1db5e3a7557d9fcbe28e416a2
Tag generation costs 164.489616 seconds
Proof generation costs 0.331930 seconds
TPA signature verifies
proof verifies
Proof verification costs 2.328614 seconds
Running...
c11e04d4d813b2a35c524cb67ee736e246c42c290126843eb71fdeb82e5b3
Tag generation costs 164.805440 seconds
Proof generation costs 0.331659 seconds
TPA signature verifies
proof verifies
Proof verification costs 2.327561 seconds
Running...
12d47ef1d68e6ff1b3caa157ca35bc1a92426712dbc6d733ab250a2282c8
Tag generation costs 164.427565 seconds
Proof generation costs 0.332583 seconds
TPA signature verifies
proof verifies
Proof verification costs 2.334930 seconds
Running...
9d1b3fa1bfeea934539b1820ebdef3979094adbb7f97e3d9f47fe6be7b164c
Tag generation costs 163.972838 seconds
Proof generation costs 0.332247 seconds
TPA signature verifies
proof verifies
Proof verification costs 2.330714 seconds
Running...
7174344411e5407824c9f0d6cf6c7723362331983ac8ed5c0403662af122
Tag generation costs 164.672138 seconds
Proof generation costs 0.331901 seconds
TPA signature verifies
proof verifies
Proof verification costs 2.327792 seconds
Running...
a2e8be6cc134127918c0db0cbf645bbbe529b1721ce90daa681552f2b97ec8
Tag generation costs 164.339586 seconds
Proof generation costs 0.331969 seconds
TPA signature verifies
proof verifies
Proof verification costs 2.329621 seconds
Running...
d05e236e3c8d2bfa1c9668a3d7da8f5edaaa2e9fb79d7da05e1e6c7eb9ff19
Tag generation costs 165.275940 seconds
Proof generation costs 0.332189 seconds
TPA signature verifies
proof verifies
Proof verification costs 2.327547 seconds
Running...
737f9aca9a70dc5943768bf2ef3ab287838e3c884d876a3d9dc9f6a57a3018
Tag generation costs 165.295264 seconds
Proof generation costs 0.333696 seconds
TPA signature verifies
proof verifies
Proof verification costs 2.338966 seconds
8
Running...
d44c4f614b976d18f2e1bc43fa6d3bb2ad1825d5dac4e81a15e46f1538699ce
Tag generation costs 188.446707 seconds
Proof generation costs 0.331957 seconds
TPA signature verifies
proof verifies
Proof verification costs 2.658032 seconds
Running...
80c1f77a79e2ae179549fb9da12346a2bb2eec9f0c8fdc5df90839ff932ac2
Tag generation costs 188.960071 seconds
Proof generation costs 0.332062 seconds
TPA signature verifies
proof verifies
Proof verification costs 2.659213 seconds
Running...
f0f5a4896de25ad9dae5e88fae5db4e8a346ce7b61eb75f2a26fe4df049fa
Tag generation costs 189.811069 seconds
Proof generation costs 0.333688 seconds
TPA signature verifies
proof verifies
Proof verification costs 2.670995 seconds
Running...
7b1a5ecd74d75dbad6a1c04eb58b9147606bd64eca831535654925b5384a3025
Tag generation costs 188.995041 seconds
Proof generation costs 0.334690 seconds
TPA signature verifies
proof verifies
Proof verification costs 2.673435 seconds
Running...
282a918b933cabe7cc53fa40136fb18484a234a1f072212e15071f44946db0
Tag generation costs 188.233902 seconds
Proof generation costs 0.331739 seconds
TPA signature verifies
proof verifies
Proof verification costs 2.658238 seconds
Running...
c3a398ed1993a49185f24bf06fc5eb160ffdb2f19192dbe681c84b8d1ac8d14
Tag generation costs 188.712885 seconds
Proof generation costs 0.332128 seconds
TPA signature verifies
proof verifies
Proof verification costs 2.661735 seconds
Running...
3945d35624c04f0d1b6d49e7945d23be1dc52f347e9d5631e408669dbf6d126
Tag generation costs 187.684962 seconds
Proof generation costs 0.331813 seconds
TPA signature verifies
proof verifies
Proof verification costs 2.656926 seconds
Running...
8f5ede09138b7d54d27222061c368ce056ca925c09f96b2185d4be8626b9
Tag generation costs 187.885819 seconds
Proof generation costs 0.332004 seconds
TPA signature verifies
proof verifies
Proof verification costs 2.660074 seconds
Running...
69f83ebb21e0705add2753b6eb925d84dc5316c2257bfefe76d8f8703595eb
Tag generation costs 188.731992 seconds
Proof generation costs 0.331714 seconds
TPA signature verifies
proof verifies
Proof verification costs 2.658081 seconds
Running...
f97a28a949ac22dc2f77184d3cb64706d8818b32652a1ac13991d8573f
Tag generation costs 187.923040 seconds
Proof generation costs 0.332459 seconds
TPA signature verifies
proof verifies
Proof verification costs 2.659815 seconds
9
Running...
466fd7498d4278b445b1566698f4bd508d69c942e512ab879f9f631ae5b8fb1
Tag generation costs 210.599755 seconds
Proof generation costs 0.331964 seconds
TPA signature verifies
proof verifies
Proof verification costs 2.989274 seconds
Running...
ffbbaf608ac334e4e2955b4af26d29193425767c8bf438f21d8e92a5aedda487
Tag generation costs 211.430492 seconds
Proof generation costs 0.332708 seconds
TPA signature verifies
proof verifies
Proof verification costs 2.993723 seconds
Running...
47725fe376cf6d09b9a2aa17ab177c4e41d37b52cbdd195c81548d76d66fce
Tag generation costs 209.986286 seconds
Proof generation costs 0.331783 seconds
TPA signature verifies
proof verifies
Proof verification costs 2.991241 seconds
Running...
4616e6283452cf35ae1068de1f60e57360f2f94c8dccf99f92cc4a7ff5
Tag generation costs 208.583854 seconds
Proof generation costs 0.331708 seconds
TPA signature verifies
proof verifies
Proof verification costs 2.988052 seconds
Running...
e6871492e7d18df3a61f29d69862a841311c7b5f6dbc13f477cb8c44bff94c
Tag generation costs 211.511594 seconds
Proof generation costs 0.331964 seconds
TPA signature verifies
proof verifies
Proof verification costs 2.987337 seconds
Running...
92ba61ae4d6d5e5625d5efe699b67e65a70dc71518bc847b51476c5f43ac7
Tag generation costs 211.991567 seconds
Proof generation costs 0.332895 seconds
TPA signature verifies
proof verifies
Proof verification costs 2.990359 seconds
Running...
95f67795a4e45a4ba599b6c4e2ac8c5169491ec8052b0108dfd59b0cb309a
Tag generation costs 211.254823 seconds
Proof generation costs 0.331850 seconds
TPA signature verifies
proof verifies
Proof verification costs 2.990352 seconds
Running...
5db54970697f60c9998e46e6651998a94e4deaedf7b53859ae13faa675c05b
Tag generation costs 213.432523 seconds
Proof generation costs 0.335019 seconds
TPA signature verifies
proof verifies
Proof verification costs 3.009985 seconds
Running...
4e33c545f5d2fe226e72f859e68dcf19ad3a9bb84ddc5316e1ab94a225e7104d
Tag generation costs 212.029873 seconds
Proof generation costs 0.332751 seconds
TPA signature verifies
proof verifies
Proof verification costs 2.994946 seconds
Running...
5ad125079ef53980535730a5cc5f16b3112ae94acc16bca61285a9f3081e3
Tag generation costs 216.370711 seconds
Proof generation costs 0.333001 seconds
TPA signature verifies
proof verifies
Proof verification costs 2.991955 seconds
10
Running...
fdcfe3ac71681e66b3ceca4c97db2f537b9cbe7e47449a33f02e3e1fa47e99
Tag generation costs 234.075577 seconds
Proof generation costs 0.332506 seconds
TPA signature verifies
proof verifies
Proof verification costs 3.325934 seconds
Running...
e2f64361a8c3356c64d9e4b909be9b918cb5f7aa3e8bbe58293ad56a0dfb0
Tag generation costs 235.249384 seconds
Proof generation costs 0.331652 seconds
TPA signature verifies
proof verifies
Proof verification costs 3.316717 seconds
Running...
a954ec7412cb87be781efc5f38e1439e7d4eb7cdcf966025be7ef3c4d48426
Tag generation costs 235.021001 seconds
Proof generation costs 0.335334 seconds
TPA signature verifies
proof verifies
Proof verification costs 3.321374 seconds
Running...
e784dee1c8514aa581a1dc8d2d602fc81ec6e37ac2ea6ce781fc1cb46334dfa5
Tag generation costs 236.407573 seconds
Proof generation costs 0.331911 seconds
TPA signature verifies
proof verifies
Proof verification costs 3.395060 seconds
Running...
f86822239d4884b17b212b1ea2a54fca1eded15823bce4d3d260b6ad084e8c
Tag generation costs 236.407419 seconds
Proof generation costs 0.331645 seconds
TPA signature verifies
proof verifies
Proof verification costs 3.320844 seconds
Running...
9db67d408b3b64cd34782cd981e3b579dc1036db6a60e5527df8f78ac4b9fc0
Tag generation costs 235.241937 seconds
Proof generation costs 0.331813 seconds
TPA signature verifies
proof verifies
Proof verification costs 3.320015 seconds
Running...
67409ac68c6e43e1ef22ce2fd2b5b0d172315eb483a529b77c77b3e6106e524d
Tag generation costs 235.726871 seconds
Proof generation costs 0.331673 seconds
TPA signature verifies
proof verifies
Proof verification costs 3.320403 seconds
Running...
01840d63bef58f54cd3dc8ac69b7ed42fd2e3cde9ef7b22a99bf14034fd7c
Tag generation costs 235.405456 seconds
Proof generation costs 0.331802 seconds
TPA signature verifies
proof verifies
Proof verification costs 3.326216 seconds
Running...
fa21bb481f66569e2e8ebfe67743de7410768c91ae9296b97bccf210a1dc3c
Tag generation costs 235.609824 seconds
Proof generation costs 0.331861 seconds
TPA signature verifies
proof verifies
Proof verification costs 3.320254 seconds
Running...
99558667f525a6cfc1ebed81918896b8a7a76cc84abff59c66c6d119f191b36d
Tag generation costs 235.239454 seconds
Proof generation costs 0.331640 seconds
TPA signature verifies
proof verifies
Proof verification costs 3.319577 seconds
