4000
Running...
c9c4a17b19372a22c857c4a52e86cd298d8f2eca61dfabc27de11bc992
Tag generation costs 95.185718 seconds
Proof generation costs 0.333702 seconds
TPA signature verifies
proof verifies
Proof verification costs 1.675003 seconds
Running...
e9cf59bbf5f9ade9b3e7eaa0b280bd9f97abdc17c9ceec0d8e4acb5186a
Tag generation costs 94.138361 seconds
Proof generation costs 0.332925 seconds
TPA signature verifies
proof verifies
Proof verification costs 1.666296 seconds
Running...
cd23f6fed3c56d2d775ed0e83fbef6fa1327dec715171e34381025631638871f
Tag generation costs 94.387467 seconds
Proof generation costs 0.332427 seconds
TPA signature verifies
proof verifies
Proof verification costs 1.668701 seconds
Running...
567c559391d1dd255578c0a2f77e5817b3356fbf92c5d987ee8d84e75fcb3e
Tag generation costs 93.962661 seconds
Proof generation costs 0.332469 seconds
TPA signature verifies
proof verifies
Proof verification costs 1.664337 seconds
Running...
d087d9d97caefc4c6d19ec84911c7d8f19e4e985e44a989a3a866b1ac5943c
Tag generation costs 94.078534 seconds
Proof generation costs 0.332402 seconds
TPA signature verifies
proof verifies
Proof verification costs 1.663241 seconds
Running...
6c49ae124c3da98de57b56ef1971c51bb9de03d81f2cc7c3f4c293a8e3e541
Tag generation costs 93.989727 seconds
Proof generation costs 0.332185 seconds
TPA signature verifies
proof verifies
Proof verification costs 1.664764 seconds
Running...
d7ba60b2825985ecd63147c970252a946bdee83c33ec93d76328c591ba9a77
Tag generation costs 94.186453 seconds
Proof generation costs 0.332456 seconds
TPA signature verifies
proof verifies
Proof verification costs 1.666852 seconds
Running...
c6e28c8cf28eb93ffd981ee55287481bce47b396af7a4b54beff8343f655cf
Tag generation costs 93.481389 seconds
Proof generation costs 0.331690 seconds
TPA signature verifies
proof verifies
Proof verification costs 1.664045 seconds
Running...
393a3bc17b2f042af82908fd6d833f6ffff5dcab5b32da6588dff3d290e3f8
Tag generation costs 94.111956 seconds
Proof generation costs 0.331610 seconds
TPA signature verifies
proof verifies
Proof verification costs 1.664243 seconds
Running...
de7e4461a47fdfe6b3c6075122768f06ccff176237a7b1d51c2652c2becba
Tag generation costs 93.736383 seconds
Proof generation costs 0.332351 seconds
TPA signature verifies
proof verifies
Proof verification costs 1.666824 seconds
5000
Running...
3dcdb59143545da877a4ef108a9551202367a82085c6a9a808b7e635e832e9b
Tag generation costs 118.500871 seconds
Proof generation costs 0.332504 seconds
TPA signature verifies
proof verifies
Proof verification costs 1.667792 seconds
Running...
92c30723bebc8711d104c871e18a7bff836de0f3d056a2fd38608bcceb7e
Tag generation costs 117.503477 seconds
Proof generation costs 0.332018 seconds
TPA signature verifies
proof verifies
Proof verification costs 1.664447 seconds
Running...
e27c6925582ced3fa8f8152ab4546ccf4bab8a57e1268f043dbc0d4b06db18d
Tag generation costs 116.560895 seconds
Proof generation costs 0.331791 seconds
TPA signature verifies
proof verifies
Proof verification costs 1.666664 seconds
Running...
a49e4e7a7e852c6598b1ed48ecfe4aa9de313c4b9d2323f3a71c51f75c78f
Tag generation costs 117.724632 seconds
Proof generation costs 0.333075 seconds
TPA signature verifies
proof verifies
Proof verification costs 1.665984 seconds
Running...
35ec3209d3a1679e46df1689627caa8dac7da4d86e940f9109bd7de5921
Tag generation costs 118.078549 seconds
Proof generation costs 0.335682 seconds
TPA signature verifies
proof verifies
Proof verification costs 1.685227 seconds
Running...
c02aef28491b3a167bc3a3289d61544a390221f4cec7d5b933a922434cc5cf
Tag generation costs 117.587149 seconds
Proof generation costs 0.332047 seconds
TPA signature verifies
proof verifies
Proof verification costs 1.663330 seconds
Running...
67aec7f4226efd17d1eb3582ef27259e78f2a347dddc7449adfc690d7de4e95
Tag generation costs 116.931793 seconds
Proof generation costs 0.331950 seconds
TPA signature verifies
proof verifies
Proof verification costs 1.664543 seconds
Running...
d0d0cb1257be855a8684cb5f3a641a97e6c3d659176636c8c8c9e9e5ea5156
Tag generation costs 117.618308 seconds
Proof generation costs 0.332323 seconds
TPA signature verifies
proof verifies
Proof verification costs 1.664116 seconds
Running...
15aac6f0865621432a4b19f6f458d4b9c527d2fc0f19ab5f4c721f6ec64c9c
Tag generation costs 117.693344 seconds
Proof generation costs 0.333923 seconds
TPA signature verifies
proof verifies
Proof verification costs 1.666371 seconds
Running...
6b4a1147bbf264c21da06a21afa26bc53a20a659c53611fab3f8f3b5b28910
Tag generation costs 118.014429 seconds
Proof generation costs 0.332088 seconds
TPA signature verifies
proof verifies
Proof verification costs 1.664636 seconds
6000
Running...
3dc06048c52b6e48938a1b6aa2336ab712aea68b5facec1f91663ed3ebb7dbe
Tag generation costs 140.671395 seconds
Proof generation costs 0.331884 seconds
TPA signature verifies
proof verifies
Proof verification costs 1.666084 seconds
Running...
388bd56448317a80f092a8eb2112449929d7ac5aa28b9d1b6a63f779c5d9c3cc
Tag generation costs 141.542995 seconds
Proof generation costs 0.332576 seconds
TPA signature verifies
proof verifies
Proof verification costs 1.668794 seconds
Running...
4d8124aa70c4d7c5a04a7da14de196f43556a9583c1c17eef344ba2b0ba6f
Tag generation costs 140.159161 seconds
Proof generation costs 0.331798 seconds
TPA signature verifies
proof verifies
Proof verification costs 1.668253 seconds
Running...
5cc6fd5887c6329d6f4794cffb588b07d6a31e6287b83188d1d689fbb651bd7
Tag generation costs 141.397300 seconds
Proof generation costs 0.331503 seconds
TPA signature verifies
proof verifies
Proof verification costs 1.664627 seconds
Running...
23c834f8919bad12169e2adbf6ba19d4856190deb0a89b77fdae4478d11273b8
Tag generation costs 141.441457 seconds
Proof generation costs 0.332001 seconds
TPA signature verifies
proof verifies
Proof verification costs 1.666745 seconds
Running...
c94f368661a0d7432717b811d82ae734345c39717a5912a98492b9460da82
Tag generation costs 140.887331 seconds
Proof generation costs 0.332151 seconds
TPA signature verifies
proof verifies
Proof verification costs 1.663302 seconds
Running...
79e338adbb4e071a2afb42132a4119a38d4554cb96fe943a9253204772385
Tag generation costs 141.102277 seconds
Proof generation costs 0.331659 seconds
TPA signature verifies
proof verifies
Proof verification costs 1.665188 seconds
Running...
a4df79722d26daf2c1574ab8c9163953b4316ae08e5ad9c23bac8530fa7e
Tag generation costs 141.816007 seconds
Proof generation costs 0.332236 seconds
TPA signature verifies
proof verifies
Proof verification costs 1.667060 seconds
Running...
6e916ea4b8d5e2715fde45b064e04e6aab70df59a7ab9a91a4f0dbf11bb92647
Tag generation costs 141.909315 seconds
Proof generation costs 0.334742 seconds
TPA signature verifies
proof verifies
Proof verification costs 1.677927 seconds
Running...
6b5d89b4f1c347a5d111dc9dac65bdf0753fc125af61e61a63263ba224555f
Tag generation costs 141.212723 seconds
Proof generation costs 0.331487 seconds
TPA signature verifies
proof verifies
Proof verification costs 1.664785 seconds
7000
Running...
74c111684257d5317308b8c9bf113779f808aaeef490eee213923613eee8f6
Tag generation costs 164.877420 seconds
Proof generation costs 0.332042 seconds
TPA signature verifies
proof verifies
Proof verification costs 1.663023 seconds
Running...
60718392c21b6ff29aa5a4912ad611fde6e1076e05c31a8a54c411408f8
Tag generation costs 164.900215 seconds
Proof generation costs 0.331848 seconds
TPA signature verifies
proof verifies
Proof verification costs 1.662764 seconds
Running...
f92f42a48c51a608047e24780e0dca2317234876f25a1e8557684b6938d51
Tag generation costs 164.690070 seconds
Proof generation costs 0.331657 seconds
TPA signature verifies
proof verifies
Proof verification costs 1.664148 seconds
Running...
e479a247df7eeb2634b82b4a65f8dfdc835ffd9e3c743de6ba39cbf13e75a7
Tag generation costs 165.112150 seconds
Proof generation costs 0.332317 seconds
TPA signature verifies
proof verifies
Proof verification costs 1.667648 seconds
Running...
1e96ded5737cff5a89c934e89767a13c19a7699be893ca3bb69d51da5f1c2e8
Tag generation costs 164.843731 seconds
Proof generation costs 0.333022 seconds
TPA signature verifies
proof verifies
Proof verification costs 1.664071 seconds
Running...
c182684f3f4f24a94513379b8a717e93d483e132d6d0f856a7ddcf8ee5f580
Tag generation costs 165.035500 seconds
Proof generation costs 0.335419 seconds
TPA signature verifies
proof verifies
Proof verification costs 1.678330 seconds
Running...
729cc29dbaea996123c7cb593b8089e9e1eb2eef68b8c3c03d896c4fcb9df02d
Tag generation costs 164.545206 seconds
Proof generation costs 0.332254 seconds
TPA signature verifies
proof verifies
Proof verification costs 1.666664 seconds
Running...
de1b3debdee5e1bd4567f45a91bbc8144b37edacf0eec451bcf7cad53529d1
Tag generation costs 164.098394 seconds
Proof generation costs 0.331377 seconds
TPA signature verifies
proof verifies
Proof verification costs 1.664417 seconds
Running...
ba63c895a621c7217caa5bb896df163a3f17a3d6fbd70e772ffccd059c224
Tag generation costs 164.670701 seconds
Proof generation costs 0.331822 seconds
TPA signature verifies
proof verifies
Proof verification costs 1.663729 seconds
Running...
36374d2c6eabf58e1f7d197a5281789da772acb4be3ee78a81d1b76e2a1086
Tag generation costs 164.876960 seconds
Proof generation costs 0.331467 seconds
TPA signature verifies
proof verifies
Proof verification costs 1.664156 seconds
8000
Running...
21b9889ce66eaea9f039e28ce8d52545038ae8f30faa14b83678e8a4af4d82
Tag generation costs 188.705738 seconds
Proof generation costs 0.332277 seconds
TPA signature verifies
proof verifies
Proof verification costs 1.664198 seconds
Running...
5eff9d629cae08c8472f5adaa3d5fc949f78a72764f50bf2eb87f1478bece
Tag generation costs 187.873989 seconds
Proof generation costs 0.331905 seconds
TPA signature verifies
proof verifies
Proof verification costs 1.663748 seconds
Running...
6c9f112dd7432d4d947cfa9ab36b858a109273cdd02aaa711f14b26753ad23
Tag generation costs 188.243768 seconds
Proof generation costs 0.332054 seconds
TPA signature verifies
proof verifies
Proof verification costs 1.664705 seconds
Running...
ae2992222379851d5feba36d9128d17342ef943cb4de8130681e90ee81b88e
Tag generation costs 188.173911 seconds
Proof generation costs 0.331873 seconds
TPA signature verifies
proof verifies
Proof verification costs 1.663526 seconds
Running...
ca2e376116e1a653e574b04e550785508367c56fb5d2530fafa5aeb8ef738
Tag generation costs 188.553056 seconds
Proof generation costs 0.332201 seconds
TPA signature verifies
proof verifies
Proof verification costs 1.667856 seconds
Running...
a466deed514d5e3f78b06596c26de5c0b399abe29c6997abfb711b5fe6ef157
Tag generation costs 187.891670 seconds
Proof generation costs 0.332632 seconds
TPA signature verifies
proof verifies
Proof verification costs 1.663057 seconds
Running...
bcecf176896d8bea66f7b889c8bed1b61915d46cba65df160d417c15a6da9d
Tag generation costs 188.187998 seconds
Proof generation costs 0.331991 seconds
TPA signature verifies
proof verifies
Proof verification costs 1.664308 seconds
Running...
ff29321c6b99ec6c945eb42a20b0c8b881a833b0be855a84cd548ab2d9845d5
Tag generation costs 188.862333 seconds
Proof generation costs 0.332322 seconds
TPA signature verifies
proof verifies
Proof verification costs 1.664964 seconds
Running...
d6ac6b62894845198e70d0c2793f25999e21776c1edb285288f422c22f36aa
Tag generation costs 189.579125 seconds
Proof generation costs 0.331920 seconds
TPA signature verifies
proof verifies
Proof verification costs 1.674881 seconds
Running...
172a6c3ab01a463ee63ba59299e01f31b0fd242e1f34e3e4384e78fdb61caacc
Tag generation costs 188.493916 seconds
Proof generation costs 0.331794 seconds
TPA signature verifies
proof verifies
Proof verification costs 1.668526 seconds
9000
Running...
bfa17848396a74df56d03a2ac3f15715774a637d7daec1ce5dfec6364a67fd
Tag generation costs 212.438002 seconds
Proof generation costs 0.331540 seconds
TPA signature verifies
proof verifies
Proof verification costs 1.665509 seconds
Running...
25a9894d89ee33b7e73072dc98426427a6cd8c2c8e73ca5238a86a7a2a88ceeb
Tag generation costs 212.377959 seconds
Proof generation costs 0.331799 seconds
TPA signature verifies
proof verifies
Proof verification costs 1.670110 seconds
Running...
bcd253d96cabca9ce39272cdd62ee93983b39c080ec9c23b32d9a524c993561
Tag generation costs 212.269521 seconds
Proof generation costs 0.332426 seconds
TPA signature verifies
proof verifies
Proof verification costs 1.666261 seconds
Running...
4a56196a7ccdf9f57d9efec17d37ade657b2fec9fbbed1e4a3f49a1ee6f90
Tag generation costs 212.095702 seconds
Proof generation costs 0.331699 seconds
TPA signature verifies
proof verifies
Proof verification costs 1.663499 seconds
Running...
f6d264f3e520d54b4fa318b657132b7e35214f833b75433f6a44f685844bb6b
Tag generation costs 211.735642 seconds
Proof generation costs 0.331817 seconds
TPA signature verifies
proof verifies
Proof verification costs 1.664913 seconds
Running...
61499637bc581f79e4ae4b9e0f3a856b150d86d24cb4a70c44d715f7a3e86
Tag generation costs 211.458792 seconds
Proof generation costs 0.331458 seconds
TPA signature verifies
proof verifies
Proof verification costs 1.664408 seconds
Running...
9d53c3c2ec8bec42f8ca24ec9b5b24ae11e66e9432f47f2b0e0f11432221e
Tag generation costs 211.619322 seconds
Proof generation costs 0.332440 seconds
TPA signature verifies
proof verifies
Proof verification costs 1.665059 seconds
Running...
f2e3db413a861747ccb89f9cf9674488d693dcda57841c579f26e2bca4657
Tag generation costs 212.429993 seconds
Proof generation costs 0.331724 seconds
TPA signature verifies
proof verifies
Proof verification costs 1.663710 seconds
Running...
e5bbf6732c5cfb3e73c895487a553e82ff2ca4fb5629b161c86f1baca64def8
Tag generation costs 211.791936 seconds
Proof generation costs 0.331293 seconds
TPA signature verifies
proof verifies
Proof verification costs 1.663647 seconds
Running...
c4ffbe8baf6f8f8def0a393d76f9d9916382c95fabbef18b01e9b7f35747
Tag generation costs 212.397754 seconds
Proof generation costs 0.332324 seconds
TPA signature verifies
proof verifies
Proof verification costs 1.665592 seconds
10000
Running...
41c4bac9a877a1e2c875322d141fa913b6883d344c87d54e59128b5273c6ec9
Tag generation costs 233.376718 seconds
Proof generation costs 0.331894 seconds
TPA signature verifies
proof verifies
Proof verification costs 1.664435 seconds
Running...
a7f859092e15c7615765b7734e12aa8ad5863e15c16b852363bcda544681
Tag generation costs 235.375604 seconds
Proof generation costs 0.331611 seconds
TPA signature verifies
proof verifies
Proof verification costs 1.666760 seconds
Running...
8542ab6955260d3c8859dc85b7271d39f2db6dd5dd2fadc8cc4ea19f19ab58
Tag generation costs 234.878404 seconds
Proof generation costs 0.332157 seconds
TPA signature verifies
proof verifies
Proof verification costs 1.665397 seconds
Running...
242c52158e98d47ba25e1949e11ed39e62167312434ad645dc1ee23f82d4b59
Tag generation costs 234.763344 seconds
Proof generation costs 0.331681 seconds
TPA signature verifies
proof verifies
Proof verification costs 1.671761 seconds
Running...
4ab6a643e58ea4f0925ac45e7a635a6bca422343bd5bb1a5bdb679a934de2fe
Tag generation costs 234.038449 seconds
Proof generation costs 0.331719 seconds
TPA signature verifies
proof verifies
Proof verification costs 1.664129 seconds
Running...
42f767ddefcdd03fad681158d6c8111b6be249113a58d5af1a6f66e36c4b097
Tag generation costs 235.198575 seconds
Proof generation costs 0.331783 seconds
TPA signature verifies
proof verifies
Proof verification costs 1.662530 seconds
Running...
68c6b0d34ce2134a7893cf993341fea69ec8fade401c877c914e4158a90d9
Tag generation costs 235.561943 seconds
Proof generation costs 0.332217 seconds
TPA signature verifies
proof verifies
Proof verification costs 1.664012 seconds
Running...
ab90f7f8117ca266a06f6a56e1a8ceb9f740b7e11c333357aae3b07ed7b064e
Tag generation costs 234.878175 seconds
Proof generation costs 0.332262 seconds
TPA signature verifies
proof verifies
Proof verification costs 1.664429 seconds
Running...
98a74f78eda2de8be53c22733698aaba9bca572f7566d58f6f99212bb77f75
Tag generation costs 235.340086 seconds
Proof generation costs 0.331698 seconds
TPA signature verifies
proof verifies
Proof verification costs 1.664687 seconds
Running...
fdaf9b5d4415f36b261b98563f8bf6b28779aa8af6d3992276f275d27f3444a
Tag generation costs 234.626814 seconds
Proof generation costs 0.337134 seconds
TPA signature verifies
proof verifies
Proof verification costs 1.667551 seconds
